[ 2017-08-31T21:45:18+08:00 ] 127.0.0.1 /
INFO: [ app_init ] --START--
INFO: Run Behavior\BuildLiteBehavior [ RunTime:0.000015s ]
INFO: [ app_init ] --END-- [ RunTime:0.021035s ]
INFO: [ app_begin ] --START--
INFO: Run Behavior\ReadHtmlCacheBehavior [ RunTime:0.012826s ]
INFO: [ app_begin ] --END-- [ RunTime:0.012875s ]
SQL: SHOW COLUMNS FROM `tpshop_category` [ RunTime:0.0976s ]
SQL: SELECT * FROM `tpshop_category`  [ RunTime:0.0086s ]
SQL: SELECT * FROM `tpshop_category` WHERE `id` = 23 LIMIT 1   [ RunTime:0.0096s ]
SQL: SHOW COLUMNS FROM `tpshop_goods` [ RunTime:0.1076s ]
SQL: SELECT * FROM `tpshop_goods` WHERE ( cate_id = 23 ) LIMIT 5   [ RunTime:0.0006s ]
SQL: SELECT * FROM `tpshop_category` WHERE `id` = 28 LIMIT 1   [ RunTime:0.0002s ]
SQL: SELECT * FROM `tpshop_goods` WHERE ( cate_id = 28 ) LIMIT 5   [ RunTime:0.0002s ]
SQL: SELECT * FROM `tpshop_category` WHERE `id` = 37 LIMIT 1   [ RunTime:0.0001s ]
SQL: SELECT * FROM `tpshop_goods` WHERE ( cate_id = 37 ) LIMIT 5   [ RunTime:0.0001s ]
INFO: [ view_parse ] --START--
INFO: [ template_filter ] --START--
INFO: Run Behavior\ContentReplaceBehavior [ RunTime:0.000554s ]
INFO: [ template_filter ] --END-- [ RunTime:0.000590s ]
NOTIC: [8] Undefined index: user_info D:\www\www\Application\Runtime\Cache\Home\2a94b8bda04ff446dcedd42276fc99ee.php 第 28 行.
INFO: Run Behavior\ParseTemplateBehavior [ RunTime:0.197256s ]
INFO: [ view_parse ] --END-- [ RunTime:0.197289s ]
INFO: [ view_filter ] --START--
INFO: Run Behavior\WriteHtmlCacheBehavior [ RunTime:0.008848s ]
INFO: [ view_filter ] --END-- [ RunTime:0.008884s ]
INFO: [ app_end ] --START--
INFO: Run Behavior\ShowPageTraceBehavior [ RunTime:0.010266s ]
INFO: [ app_end ] --END-- [ RunTime:0.010317s ]

[ 2017-08-31T21:45:19+08:00 ] 127.0.0.1 /index.php/Home/Cart/ajaxgetnum
INFO: [ app_init ] --START--
INFO: Run Behavior\BuildLiteBehavior [ RunTime:0.000024s ]
INFO: [ app_init ] --END-- [ RunTime:0.000713s ]
INFO: [ app_begin ] --START--
INFO: Run Behavior\ReadHtmlCacheBehavior [ RunTime:0.000800s ]
INFO: [ app_begin ] --END-- [ RunTime:0.000912s ]
NOTIC: [2] session_start(): Cannot send session cache limiter - headers already sent D:\www\www\ThinkPHP\Common\functions.php 第 1263 行.
SQL: SHOW COLUMNS FROM `tpshop_cart` [ RunTime:0.0761s ]
NOTIC: [8] Undefined variable: return D:\www\www\Application\Home\Model\CartModel.class.php 第 90 行.
NOTIC: [2] Invalid argument supplied for foreach() D:\www\www\Application\Home\Model\CartModel.class.php 第 99 行.
NOTIC: [2] Cannot modify header information - headers already sent D:\www\www\ThinkPHP\Library\Think\Controller.class.php 第 215 行.

[ 2017-08-31T21:45:27+08:00 ] 127.0.0.1 /index.php/Home/Search/search?index_none_header_sysc=1
INFO: [ app_init ] --START--
INFO: Run Behavior\BuildLiteBehavior [ RunTime:0.000008s ]
INFO: [ app_init ] --END-- [ RunTime:0.000253s ]
INFO: [ app_begin ] --START--
INFO: Run Behavior\ReadHtmlCacheBehavior [ RunTime:0.000286s ]
INFO: [ app_begin ] --END-- [ RunTime:0.000317s ]
SQL: SHOW COLUMNS FROM `tpshop_goods` [ RunTime:0.0333s ]
SQL: SELECT * FROM `tpshop_goods` WHERE ( goods_name like '%1%' )  [ RunTime:0.0227s ]
INFO: [ view_parse ] --START--
INFO: [ template_filter ] --START--
INFO: Run Behavior\ContentReplaceBehavior [ RunTime:0.000122s ]
INFO: [ template_filter ] --END-- [ RunTime:0.000153s ]
NOTIC: [8] Undefined variable: title D:\www\www\Application\Runtime\Cache\Home\dc21e6da2e1dbcec494898213c16ba46.php 第 7 行.
NOTIC: [8] Undefined index: user_info D:\www\www\Application\Runtime\Cache\Home\dc21e6da2e1dbcec494898213c16ba46.php 第 28 行.
NOTIC: [8] Undefined index: goods_attr D:\www\www\Application\Runtime\Cache\Home\dc21e6da2e1dbcec494898213c16ba46.php 第 172 行.
NOTIC: [8] Undefined index: goods_attr D:\www\www\Application\Runtime\Cache\Home\dc21e6da2e1dbcec494898213c16ba46.php 第 172 行.
NOTIC: [8] Undefined index: goods_attr D:\www\www\Application\Runtime\Cache\Home\dc21e6da2e1dbcec494898213c16ba46.php 第 172 行.
NOTIC: [8] Undefined index: goods_attr D:\www\www\Application\Runtime\Cache\Home\dc21e6da2e1dbcec494898213c16ba46.php 第 172 行.
NOTIC: [8] Undefined index: goods_attr D:\www\www\Application\Runtime\Cache\Home\dc21e6da2e1dbcec494898213c16ba46.php 第 172 行.
NOTIC: [8] Undefined index: goods_attr D:\www\www\Application\Runtime\Cache\Home\dc21e6da2e1dbcec494898213c16ba46.php 第 172 行.
NOTIC: [8] Undefined index: goods_attr D:\www\www\Application\Runtime\Cache\Home\dc21e6da2e1dbcec494898213c16ba46.php 第 172 行.
NOTIC: [8] Undefined index: goods_attr D:\www\www\Application\Runtime\Cache\Home\dc21e6da2e1dbcec494898213c16ba46.php 第 172 行.
NOTIC: [8] Undefined index: goods_attr D:\www\www\Application\Runtime\Cache\Home\dc21e6da2e1dbcec494898213c16ba46.php 第 172 行.
NOTIC: [8] Undefined index: goods_attr D:\www\www\Application\Runtime\Cache\Home\dc21e6da2e1dbcec494898213c16ba46.php 第 172 行.
NOTIC: [8] Undefined index: goods_attr D:\www\www\Application\Runtime\Cache\Home\dc21e6da2e1dbcec494898213c16ba46.php 第 172 行.
INFO: Run Behavior\ParseTemplateBehavior [ RunTime:0.060546s ]
INFO: [ view_parse ] --END-- [ RunTime:0.060577s ]
INFO: [ view_filter ] --START--
INFO: Run Behavior\WriteHtmlCacheBehavior [ RunTime:0.000219s ]
INFO: [ view_filter ] --END-- [ RunTime:0.000241s ]
INFO: [ app_end ] --START--
INFO: Run Behavior\ShowPageTraceBehavior [ RunTime:0.000571s ]
INFO: [ app_end ] --END-- [ RunTime:0.000615s ]

[ 2017-08-31T21:45:28+08:00 ] 127.0.0.1 /index.php/Home/Cart/ajaxgetnum
INFO: [ app_init ] --START--
INFO: Run Behavior\BuildLiteBehavior [ RunTime:0.000011s ]
INFO: [ app_init ] --END-- [ RunTime:0.000315s ]
INFO: [ app_begin ] --START--
INFO: Run Behavior\ReadHtmlCacheBehavior [ RunTime:0.000401s ]
INFO: [ app_begin ] --END-- [ RunTime:0.000435s ]
NOTIC: [2] session_start(): Cannot send session cache limiter - headers already sent D:\www\www\ThinkPHP\Common\functions.php 第 1263 行.
SQL: SHOW COLUMNS FROM `tpshop_cart` [ RunTime:0.1062s ]
NOTIC: [8] Undefined variable: return D:\www\www\Application\Home\Model\CartModel.class.php 第 90 行.
NOTIC: [2] Invalid argument supplied for foreach() D:\www\www\Application\Home\Model\CartModel.class.php 第 99 行.
NOTIC: [2] Cannot modify header information - headers already sent D:\www\www\ThinkPHP\Library\Think\Controller.class.php 第 215 行.

[ 2017-08-31T21:45:41+08:00 ] 127.0.0.1 /index.php/Home/Search/search?index_none_header_sysc=2
INFO: [ app_init ] --START--
INFO: Run Behavior\BuildLiteBehavior [ RunTime:0.000008s ]
INFO: [ app_init ] --END-- [ RunTime:0.000247s ]
INFO: [ app_begin ] --START--
INFO: Run Behavior\ReadHtmlCacheBehavior [ RunTime:0.000285s ]
INFO: [ app_begin ] --END-- [ RunTime:0.000315s ]
SQL: SHOW COLUMNS FROM `tpshop_goods` [ RunTime:0.0121s ]
SQL: SELECT * FROM `tpshop_goods` WHERE ( goods_name like '%2%' )  [ RunTime:0.0004s ]
INFO: [ view_parse ] --START--
INFO: [ template_filter ] --START--
INFO: Run Behavior\ContentReplaceBehavior [ RunTime:0.000119s ]
INFO: [ template_filter ] --END-- [ RunTime:0.000148s ]
NOTIC: [8] Undefined variable: title D:\www\www\Application\Runtime\Cache\Home\dc21e6da2e1dbcec494898213c16ba46.php 第 7 行.
NOTIC: [8] Undefined index: user_info D:\www\www\Application\Runtime\Cache\Home\dc21e6da2e1dbcec494898213c16ba46.php 第 28 行.
NOTIC: [8] Undefined index: goods_attr D:\www\www\Application\Runtime\Cache\Home\dc21e6da2e1dbcec494898213c16ba46.php 第 172 行.
NOTIC: [8] Undefined index: goods_attr D:\www\www\Application\Runtime\Cache\Home\dc21e6da2e1dbcec494898213c16ba46.php 第 172 行.
NOTIC: [8] Undefined index: goods_attr D:\www\www\Application\Runtime\Cache\Home\dc21e6da2e1dbcec494898213c16ba46.php 第 172 行.
NOTIC: [8] Undefined index: goods_attr D:\www\www\Application\Runtime\Cache\Home\dc21e6da2e1dbcec494898213c16ba46.php 第 172 行.
NOTIC: [8] Undefined index: goods_attr D:\www\www\Application\Runtime\Cache\Home\dc21e6da2e1dbcec494898213c16ba46.php 第 172 行.
NOTIC: [8] Undefined index: goods_attr D:\www\www\Application\Runtime\Cache\Home\dc21e6da2e1dbcec494898213c16ba46.php 第 172 行.
NOTIC: [8] Undefined index: goods_attr D:\www\www\Application\Runtime\Cache\Home\dc21e6da2e1dbcec494898213c16ba46.php 第 172 行.
NOTIC: [8] Undefined index: goods_attr D:\www\www\Application\Runtime\Cache\Home\dc21e6da2e1dbcec494898213c16ba46.php 第 172 行.
NOTIC: [8] Undefined index: goods_attr D:\www\www\Application\Runtime\Cache\Home\dc21e6da2e1dbcec494898213c16ba46.php 第 172 行.
NOTIC: [8] Undefined index: goods_attr D:\www\www\Application\Runtime\Cache\Home\dc21e6da2e1dbcec494898213c16ba46.php 第 172 行.
INFO: Run Behavior\ParseTemplateBehavior [ RunTime:0.047109s ]
INFO: [ view_parse ] --END-- [ RunTime:0.047142s ]
INFO: [ view_filter ] --START--
INFO: Run Behavior\WriteHtmlCacheBehavior [ RunTime:0.000209s ]
INFO: [ view_filter ] --END-- [ RunTime:0.000231s ]
INFO: [ app_end ] --START--
INFO: Run Behavior\ShowPageTraceBehavior [ RunTime:0.000561s ]
INFO: [ app_end ] --END-- [ RunTime:0.000601s ]

[ 2017-08-31T21:45:42+08:00 ] 127.0.0.1 /index.php/Home/Cart/ajaxgetnum
INFO: [ app_init ] --START--
INFO: Run Behavior\BuildLiteBehavior [ RunTime:0.000008s ]
INFO: [ app_init ] --END-- [ RunTime:0.000265s ]
INFO: [ app_begin ] --START--
INFO: Run Behavior\ReadHtmlCacheBehavior [ RunTime:0.000317s ]
INFO: [ app_begin ] --END-- [ RunTime:0.000345s ]
NOTIC: [2] session_start(): Cannot send session cache limiter - headers already sent D:\www\www\ThinkPHP\Common\functions.php 第 1263 行.
SQL: SHOW COLUMNS FROM `tpshop_cart` [ RunTime:0.0645s ]
NOTIC: [8] Undefined variable: return D:\www\www\Application\Home\Model\CartModel.class.php 第 90 行.
NOTIC: [2] Invalid argument supplied for foreach() D:\www\www\Application\Home\Model\CartModel.class.php 第 99 行.
NOTIC: [2] Cannot modify header information - headers already sent D:\www\www\ThinkPHP\Library\Think\Controller.class.php 第 215 行.

[ 2017-08-31T21:45:48+08:00 ] 127.0.0.1 /index.php/Home/Shoucang/ajaxsc
INFO: [ app_init ] --START--
INFO: Run Behavior\BuildLiteBehavior [ RunTime:0.000007s ]
INFO: [ app_init ] --END-- [ RunTime:0.000244s ]
INFO: [ app_begin ] --START--
INFO: Run Behavior\ReadHtmlCacheBehavior [ RunTime:0.000285s ]
INFO: [ app_begin ] --END-- [ RunTime:0.000313s ]

[ 2017-08-31T21:45:50+08:00 ] 127.0.0.1 /index.php/Home/User/login
INFO: [ app_init ] --START--
INFO: Run Behavior\BuildLiteBehavior [ RunTime:0.000008s ]
INFO: [ app_init ] --END-- [ RunTime:0.000249s ]
INFO: [ app_begin ] --START--
INFO: Run Behavior\ReadHtmlCacheBehavior [ RunTime:0.000284s ]
INFO: [ app_begin ] --END-- [ RunTime:0.000314s ]
INFO: [ view_parse ] --START--
INFO: [ template_filter ] --START--
INFO: Run Behavior\ContentReplaceBehavior [ RunTime:0.000038s ]
INFO: [ template_filter ] --END-- [ RunTime:0.000073s ]
INFO: Run Behavior\ParseTemplateBehavior [ RunTime:0.027970s ]
INFO: [ view_parse ] --END-- [ RunTime:0.028010s ]
INFO: [ view_filter ] --START--
INFO: Run Behavior\WriteHtmlCacheBehavior [ RunTime:0.000205s ]
INFO: [ view_filter ] --END-- [ RunTime:0.000229s ]
INFO: [ app_end ] --START--
INFO: Run Behavior\ShowPageTraceBehavior [ RunTime:0.000325s ]
INFO: [ app_end ] --END-- [ RunTime:0.000349s ]

[ 2017-08-31T21:45:54+08:00 ] 127.0.0.1 /index.php/Home/Cart/ajaxgetnum
INFO: [ app_init ] --START--
INFO: Run Behavior\BuildLiteBehavior [ RunTime:0.000016s ]
INFO: [ app_init ] --END-- [ RunTime:0.000372s ]
INFO: [ app_begin ] --START--
INFO: Run Behavior\ReadHtmlCacheBehavior [ RunTime:0.001172s ]
INFO: [ app_begin ] --END-- [ RunTime:0.001278s ]
NOTIC: [2] session_start(): Cannot send session cache limiter - headers already sent D:\www\www\ThinkPHP\Common\functions.php 第 1263 行.
SQL: SHOW COLUMNS FROM `tpshop_cart` [ RunTime:0.0108s ]
NOTIC: [8] Undefined variable: return D:\www\www\Application\Home\Model\CartModel.class.php 第 90 行.
NOTIC: [2] Invalid argument supplied for foreach() D:\www\www\Application\Home\Model\CartModel.class.php 第 99 行.
NOTIC: [2] Cannot modify header information - headers already sent D:\www\www\ThinkPHP\Library\Think\Controller.class.php 第 215 行.

[ 2017-08-31T21:45:54+08:00 ] 127.0.0.1 /index.php/Home/Shoucang/ajaxsc
INFO: [ app_init ] --START--
INFO: Run Behavior\BuildLiteBehavior [ RunTime:0.000007s ]
INFO: [ app_init ] --END-- [ RunTime:0.000243s ]
INFO: [ app_begin ] --START--
INFO: Run Behavior\ReadHtmlCacheBehavior [ RunTime:0.000281s ]
INFO: [ app_begin ] --END-- [ RunTime:0.000308s ]

[ 2017-08-31T21:45:56+08:00 ] 127.0.0.1 /index.php/Home/User/login
INFO: [ app_init ] --START--
INFO: Run Behavior\BuildLiteBehavior [ RunTime:0.000019s ]
INFO: [ app_init ] --END-- [ RunTime:0.000583s ]
INFO: [ app_begin ] --START--
INFO: Run Behavior\ReadHtmlCacheBehavior [ RunTime:0.000480s ]
INFO: [ app_begin ] --END-- [ RunTime:0.000534s ]
INFO: [ view_parse ] --START--
INFO: [ template_filter ] --START--
INFO: Run Behavior\ContentReplaceBehavior [ RunTime:0.000035s ]
INFO: [ template_filter ] --END-- [ RunTime:0.000073s ]
INFO: Run Behavior\ParseTemplateBehavior [ RunTime:0.004562s ]
INFO: [ view_parse ] --END-- [ RunTime:0.004602s ]
INFO: [ view_filter ] --START--
INFO: Run Behavior\WriteHtmlCacheBehavior [ RunTime:0.000189s ]
INFO: [ view_filter ] --END-- [ RunTime:0.000210s ]
INFO: [ app_end ] --START--
INFO: Run Behavior\ShowPageTraceBehavior [ RunTime:0.000316s ]
INFO: [ app_end ] --END-- [ RunTime:0.000342s ]

[ 2017-08-31T21:46:14+08:00 ] 127.0.0.1 /index.php/Home/User/ajaxlogin
INFO: [ app_init ] --START--
INFO: Run Behavior\BuildLiteBehavior [ RunTime:0.000009s ]
INFO: [ app_init ] --END-- [ RunTime:0.000262s ]
INFO: [ app_begin ] --START--
INFO: Run Behavior\ReadHtmlCacheBehavior [ RunTime:0.000296s ]
INFO: [ app_begin ] --END-- [ RunTime:0.000324s ]
SQL: SHOW COLUMNS FROM `tpshop_user` [ RunTime:0.0339s ]
SQL: SELECT * FROM `tpshop_user` WHERE ( username ='1@1.com' ) LIMIT 1   [ RunTime:0.0003s ]

[ 2017-08-31T21:48:17+08:00 ] 127.0.0.1 /index.php?admin/index
INFO: [ app_init ] --START--
INFO: Run Behavior\BuildLiteBehavior [ RunTime:0.000015s ]
INFO: [ app_init ] --END-- [ RunTime:0.000567s ]
INFO: [ app_begin ] --START--
INFO: Run Behavior\ReadHtmlCacheBehavior [ RunTime:0.000665s ]
INFO: [ app_begin ] --END-- [ RunTime:0.000726s ]
SQL: SHOW COLUMNS FROM `tpshop_category` [ RunTime:0.0090s ]
SQL: SELECT * FROM `tpshop_category`  [ RunTime:0.0003s ]
SQL: SELECT * FROM `tpshop_category` WHERE `id` = 23 LIMIT 1   [ RunTime:0.0001s ]
SQL: SHOW COLUMNS FROM `tpshop_goods` [ RunTime:0.0072s ]
SQL: SELECT * FROM `tpshop_goods` WHERE ( cate_id = 23 ) LIMIT 5   [ RunTime:0.0002s ]
SQL: SELECT * FROM `tpshop_category` WHERE `id` = 28 LIMIT 1   [ RunTime:0.0001s ]
SQL: SELECT * FROM `tpshop_goods` WHERE ( cate_id = 28 ) LIMIT 5   [ RunTime:0.0002s ]
SQL: SELECT * FROM `tpshop_category` WHERE `id` = 37 LIMIT 1   [ RunTime:0.0002s ]
SQL: SELECT * FROM `tpshop_goods` WHERE ( cate_id = 37 ) LIMIT 5   [ RunTime:0.0002s ]
INFO: [ view_parse ] --START--
INFO: [ template_filter ] --START--
INFO: Run Behavior\ContentReplaceBehavior [ RunTime:0.000161s ]
INFO: [ template_filter ] --END-- [ RunTime:0.000203s ]
NOTIC: [8] Undefined index: user_info D:\www\www\Application\Runtime\Cache\Home\2a94b8bda04ff446dcedd42276fc99ee.php 第 28 行.
INFO: Run Behavior\ParseTemplateBehavior [ RunTime:0.086921s ]
INFO: [ view_parse ] --END-- [ RunTime:0.086955s ]
INFO: [ view_filter ] --START--
INFO: Run Behavior\WriteHtmlCacheBehavior [ RunTime:0.000282s ]
INFO: [ view_filter ] --END-- [ RunTime:0.000306s ]
INFO: [ app_end ] --START--
INFO: Run Behavior\ShowPageTraceBehavior [ RunTime:0.000679s ]
INFO: [ app_end ] --END-- [ RunTime:0.000724s ]

[ 2017-08-31T21:48:19+08:00 ] 127.0.0.1 /index.php/Home/Cart/ajaxgetnum
INFO: [ app_init ] --START--
INFO: Run Behavior\BuildLiteBehavior [ RunTime:0.000008s ]
INFO: [ app_init ] --END-- [ RunTime:0.000270s ]
INFO: [ app_begin ] --START--
INFO: Run Behavior\ReadHtmlCacheBehavior [ RunTime:0.000319s ]
INFO: [ app_begin ] --END-- [ RunTime:0.000350s ]
NOTIC: [2] session_start(): Cannot send session cache limiter - headers already sent D:\www\www\ThinkPHP\Common\functions.php 第 1263 行.
SQL: SHOW COLUMNS FROM `tpshop_cart` [ RunTime:0.0098s ]
NOTIC: [8] Undefined variable: return D:\www\www\Application\Home\Model\CartModel.class.php 第 90 行.
NOTIC: [2] Invalid argument supplied for foreach() D:\www\www\Application\Home\Model\CartModel.class.php 第 99 行.
NOTIC: [2] Cannot modify header information - headers already sent D:\www\www\ThinkPHP\Library\Think\Controller.class.php 第 215 行.

[ 2017-08-31T21:59:37+08:00 ] 127.0.0.1 /index.php?admin/index
INFO: [ app_init ] --START--
INFO: Run Behavior\BuildLiteBehavior [ RunTime:0.000007s ]
INFO: [ app_init ] --END-- [ RunTime:0.000361s ]
INFO: [ app_begin ] --START--
INFO: Run Behavior\ReadHtmlCacheBehavior [ RunTime:0.000356s ]
INFO: [ app_begin ] --END-- [ RunTime:0.000385s ]
SQL: SHOW COLUMNS FROM `tpshop_category` [ RunTime:0.1072s ]
SQL: SELECT * FROM `tpshop_category`  [ RunTime:0.0004s ]
SQL: SELECT * FROM `tpshop_category` WHERE `id` = 23 LIMIT 1   [ RunTime:0.0002s ]
SQL: SHOW COLUMNS FROM `tpshop_goods` [ RunTime:0.0092s ]
SQL: SELECT * FROM `tpshop_goods` WHERE ( cate_id = 23 ) LIMIT 5   [ RunTime:0.0003s ]
SQL: SELECT * FROM `tpshop_category` WHERE `id` = 28 LIMIT 1   [ RunTime:0.0001s ]
SQL: SELECT * FROM `tpshop_goods` WHERE ( cate_id = 28 ) LIMIT 5   [ RunTime:0.0002s ]
SQL: SELECT * FROM `tpshop_category` WHERE `id` = 37 LIMIT 1   [ RunTime:0.0001s ]
SQL: SELECT * FROM `tpshop_goods` WHERE ( cate_id = 37 ) LIMIT 5   [ RunTime:0.0002s ]
INFO: [ view_parse ] --START--
INFO: [ template_filter ] --START--
INFO: Run Behavior\ContentReplaceBehavior [ RunTime:0.000164s ]
INFO: [ template_filter ] --END-- [ RunTime:0.000197s ]
NOTIC: [8] Undefined index: user_info D:\www\www\Application\Runtime\Cache\Home\2a94b8bda04ff446dcedd42276fc99ee.php 第 28 行.
INFO: Run Behavior\ParseTemplateBehavior [ RunTime:0.081334s ]
INFO: [ view_parse ] --END-- [ RunTime:0.081367s ]
INFO: [ view_filter ] --START--
INFO: Run Behavior\WriteHtmlCacheBehavior [ RunTime:0.000335s ]
INFO: [ view_filter ] --END-- [ RunTime:0.000359s ]
INFO: [ app_end ] --START--
INFO: Run Behavior\ShowPageTraceBehavior [ RunTime:0.000618s ]
INFO: [ app_end ] --END-- [ RunTime:0.000657s ]

[ 2017-08-31T21:59:39+08:00 ] 127.0.0.1 /index.php/Home/Cart/ajaxgetnum
INFO: [ app_init ] --START--
INFO: Run Behavior\BuildLiteBehavior [ RunTime:0.000021s ]
INFO: [ app_init ] --END-- [ RunTime:0.000602s ]
INFO: [ app_begin ] --START--
INFO: Run Behavior\ReadHtmlCacheBehavior [ RunTime:0.002216s ]
INFO: [ app_begin ] --END-- [ RunTime:0.002346s ]
NOTIC: [2] session_start(): Cannot send session cache limiter - headers already sent D:\www\www\ThinkPHP\Common\functions.php 第 1263 行.
SQL: SHOW COLUMNS FROM `tpshop_cart` [ RunTime:0.0104s ]
NOTIC: [8] Undefined variable: return D:\www\www\Application\Home\Model\CartModel.class.php 第 90 行.
NOTIC: [2] Invalid argument supplied for foreach() D:\www\www\Application\Home\Model\CartModel.class.php 第 99 行.
NOTIC: [2] Cannot modify header information - headers already sent D:\www\www\ThinkPHP\Library\Think\Controller.class.php 第 215 行.

