[ 2017-06-25T20:31:52+08:00 ] 127.0.0.1 /
INFO: [ app_init ] --START--
INFO: Run Behavior\BuildLiteBehavior [ RunTime:0.000021s ]
INFO: [ app_init ] --END-- [ RunTime:0.000629s ]
INFO: [ app_begin ] --START--
INFO: Run Behavior\ReadHtmlCacheBehavior [ RunTime:0.001346s ]
INFO: [ app_begin ] --END-- [ RunTime:0.001480s ]
SQL: SHOW COLUMNS FROM `tpshop_category` [ RunTime:0.0138s ]
SQL: SELECT * FROM `tpshop_category`  [ RunTime:0.0005s ]
SQL: SELECT * FROM `tpshop_category` WHERE `id` = 23 LIMIT 1   [ RunTime:0.0002s ]
SQL: SHOW COLUMNS FROM `tpshop_goods` [ RunTime:0.0142s ]
SQL: SELECT * FROM `tpshop_goods` WHERE ( cate_id = 23 ) LIMIT 5   [ RunTime:0.0004s ]
SQL: SELECT * FROM `tpshop_category` WHERE `id` = 28 LIMIT 1   [ RunTime:0.0001s ]
SQL: SELECT * FROM `tpshop_goods` WHERE ( cate_id = 28 ) LIMIT 5   [ RunTime:0.0002s ]
SQL: SELECT * FROM `tpshop_category` WHERE `id` = 37 LIMIT 1   [ RunTime:0.0001s ]
SQL: SELECT * FROM `tpshop_goods` WHERE ( cate_id = 37 ) LIMIT 5   [ RunTime:0.0002s ]
INFO: [ view_parse ] --START--
INFO: [ template_filter ] --START--
INFO: Run Behavior\ContentReplaceBehavior [ RunTime:0.000147s ]
INFO: [ template_filter ] --END-- [ RunTime:0.000187s ]
NOTIC: [8] Undefined index: user_info D:\aaaa\Application\Runtime\Cache\Home\2a94b8bda04ff446dcedd42276fc99ee.php 第 28 行.
INFO: Run Behavior\ParseTemplateBehavior [ RunTime:0.104355s ]
INFO: [ view_parse ] --END-- [ RunTime:0.104404s ]
INFO: [ view_filter ] --START--
INFO: Run Behavior\WriteHtmlCacheBehavior [ RunTime:0.000730s ]
INFO: [ view_filter ] --END-- [ RunTime:0.000775s ]
INFO: [ app_end ] --START--
INFO: Run Behavior\ShowPageTraceBehavior [ RunTime:0.001298s ]
INFO: [ app_end ] --END-- [ RunTime:0.001381s ]

[ 2017-06-25T20:31:54+08:00 ] 127.0.0.1 /index.php/Home/Cart/ajaxgetnum
INFO: [ app_init ] --START--
INFO: Run Behavior\BuildLiteBehavior [ RunTime:0.000013s ]
INFO: [ app_init ] --END-- [ RunTime:0.000382s ]
INFO: [ app_begin ] --START--
INFO: Run Behavior\ReadHtmlCacheBehavior [ RunTime:0.000470s ]
INFO: [ app_begin ] --END-- [ RunTime:0.000509s ]
SQL: SHOW COLUMNS FROM `tpshop_cart` [ RunTime:0.0153s ]
NOTIC: [8] Undefined variable: return D:\aaaa\Application\Home\Model\CartModel.class.php 第 90 行.
NOTIC: [2] Invalid argument supplied for foreach() D:\aaaa\Application\Home\Model\CartModel.class.php 第 99 行.

[ 2017-06-25T20:55:39+08:00 ] 127.0.0.1 /
INFO: [ app_init ] --START--
INFO: Run Behavior\BuildLiteBehavior [ RunTime:0.000018s ]
INFO: [ app_init ] --END-- [ RunTime:0.053901s ]
INFO: [ app_begin ] --START--
INFO: Run Behavior\ReadHtmlCacheBehavior [ RunTime:0.049062s ]
INFO: [ app_begin ] --END-- [ RunTime:0.049132s ]
SQL: SHOW COLUMNS FROM `tpshop_category` [ RunTime:0.1550s ]
SQL: SELECT * FROM `tpshop_category`  [ RunTime:0.0003s ]
SQL: SELECT * FROM `tpshop_category` WHERE `id` = 23 LIMIT 1   [ RunTime:0.0201s ]
SQL: SHOW COLUMNS FROM `tpshop_goods` [ RunTime:0.0535s ]
SQL: SELECT * FROM `tpshop_goods` WHERE ( cate_id = 23 ) LIMIT 5   [ RunTime:0.0003s ]
SQL: SELECT * FROM `tpshop_category` WHERE `id` = 28 LIMIT 1   [ RunTime:0.0001s ]
SQL: SELECT * FROM `tpshop_goods` WHERE ( cate_id = 28 ) LIMIT 5   [ RunTime:0.0002s ]
SQL: SELECT * FROM `tpshop_category` WHERE `id` = 37 LIMIT 1   [ RunTime:0.0001s ]
SQL: SELECT * FROM `tpshop_goods` WHERE ( cate_id = 37 ) LIMIT 5   [ RunTime:0.0002s ]
INFO: [ view_parse ] --START--
INFO: [ template_filter ] --START--
INFO: Run Behavior\ContentReplaceBehavior [ RunTime:0.017343s ]
INFO: [ template_filter ] --END-- [ RunTime:0.017405s ]
NOTIC: [8] Undefined index: user_info D:\aaaa\Application\Runtime\Cache\Home\2a94b8bda04ff446dcedd42276fc99ee.php 第 28 行.
INFO: Run Behavior\ParseTemplateBehavior [ RunTime:0.455673s ]
INFO: [ view_parse ] --END-- [ RunTime:0.455767s ]
INFO: [ view_filter ] --START--
INFO: Run Behavior\WriteHtmlCacheBehavior [ RunTime:0.064391s ]
INFO: [ view_filter ] --END-- [ RunTime:0.064440s ]
INFO: [ app_end ] --START--
INFO: Run Behavior\ShowPageTraceBehavior [ RunTime:0.073131s ]
INFO: [ app_end ] --END-- [ RunTime:0.073190s ]

[ 2017-06-25T20:55:42+08:00 ] 127.0.0.1 /index.php/Home/Cart/ajaxgetnum
INFO: [ app_init ] --START--
INFO: Run Behavior\BuildLiteBehavior [ RunTime:0.000036s ]
INFO: [ app_init ] --END-- [ RunTime:0.000689s ]
INFO: [ app_begin ] --START--
INFO: Run Behavior\ReadHtmlCacheBehavior [ RunTime:0.000581s ]
INFO: [ app_begin ] --END-- [ RunTime:0.000624s ]
SQL: SHOW COLUMNS FROM `tpshop_cart` [ RunTime:0.0369s ]
NOTIC: [8] Undefined variable: return D:\aaaa\Application\Home\Model\CartModel.class.php 第 90 行.
NOTIC: [2] Invalid argument supplied for foreach() D:\aaaa\Application\Home\Model\CartModel.class.php 第 99 行.

