[ 2017-09-10T00:21:49+08:00 ] 127.0.0.1 /index.php/Home/Search/searchId/id/23
INFO: [ app_init ] --START--
INFO: Run Behavior\BuildLiteBehavior [ RunTime:0.000007s ]
INFO: [ app_init ] --END-- [ RunTime:0.000371s ]
INFO: [ app_begin ] --START--
INFO: Run Behavior\ReadHtmlCacheBehavior [ RunTime:0.000365s ]
INFO: [ app_begin ] --END-- [ RunTime:0.000397s ]
SQL: SHOW COLUMNS FROM `tpshop_goods` [ RunTime:0.0652s ]
SQL: SELECT * FROM `tpshop_goods` WHERE ( cate_id=23 )  [ RunTime:0.0007s ]
INFO: [ view_parse ] --START--
INFO: [ template_filter ] --START--
INFO: Run Behavior\ContentReplaceBehavior [ RunTime:0.000147s ]
INFO: [ template_filter ] --END-- [ RunTime:0.000204s ]
NOTIC: [8] Undefined variable: title D:\www\www\Application\Runtime\Cache\Home\dc21e6da2e1dbcec494898213c16ba46.php 第 7 行.
NOTIC: [8] Undefined index: user_info D:\www\www\Application\Runtime\Cache\Home\dc21e6da2e1dbcec494898213c16ba46.php 第 28 行.
NOTIC: [8] Undefined index: goods_attr D:\www\www\Application\Runtime\Cache\Home\dc21e6da2e1dbcec494898213c16ba46.php 第 172 行.
NOTIC: [8] Undefined index: goods_attr D:\www\www\Application\Runtime\Cache\Home\dc21e6da2e1dbcec494898213c16ba46.php 第 172 行.
NOTIC: [8] Undefined index: goods_attr D:\www\www\Application\Runtime\Cache\Home\dc21e6da2e1dbcec494898213c16ba46.php 第 172 行.
NOTIC: [8] Undefined index: goods_attr D:\www\www\Application\Runtime\Cache\Home\dc21e6da2e1dbcec494898213c16ba46.php 第 172 行.
NOTIC: [8] Undefined index: goods_attr D:\www\www\Application\Runtime\Cache\Home\dc21e6da2e1dbcec494898213c16ba46.php 第 172 行.
NOTIC: [8] Undefined index: goods_attr D:\www\www\Application\Runtime\Cache\Home\dc21e6da2e1dbcec494898213c16ba46.php 第 172 行.
NOTIC: [8] Undefined index: goods_attr D:\www\www\Application\Runtime\Cache\Home\dc21e6da2e1dbcec494898213c16ba46.php 第 172 行.
NOTIC: [8] Undefined index: goods_attr D:\www\www\Application\Runtime\Cache\Home\dc21e6da2e1dbcec494898213c16ba46.php 第 172 行.
NOTIC: [8] Undefined index: goods_attr D:\www\www\Application\Runtime\Cache\Home\dc21e6da2e1dbcec494898213c16ba46.php 第 172 行.
NOTIC: [8] Undefined index: goods_attr D:\www\www\Application\Runtime\Cache\Home\dc21e6da2e1dbcec494898213c16ba46.php 第 172 行.
NOTIC: [8] Undefined index: goods_attr D:\www\www\Application\Runtime\Cache\Home\dc21e6da2e1dbcec494898213c16ba46.php 第 172 行.
NOTIC: [8] Undefined index: goods_attr D:\www\www\Application\Runtime\Cache\Home\dc21e6da2e1dbcec494898213c16ba46.php 第 172 行.
NOTIC: [8] Undefined index: goods_attr D:\www\www\Application\Runtime\Cache\Home\dc21e6da2e1dbcec494898213c16ba46.php 第 172 行.
NOTIC: [8] Undefined index: goods_attr D:\www\www\Application\Runtime\Cache\Home\dc21e6da2e1dbcec494898213c16ba46.php 第 172 行.
NOTIC: [8] Undefined index: goods_attr D:\www\www\Application\Runtime\Cache\Home\dc21e6da2e1dbcec494898213c16ba46.php 第 172 行.
NOTIC: [8] Undefined index: goods_attr D:\www\www\Application\Runtime\Cache\Home\dc21e6da2e1dbcec494898213c16ba46.php 第 172 行.
NOTIC: [8] Undefined index: goods_attr D:\www\www\Application\Runtime\Cache\Home\dc21e6da2e1dbcec494898213c16ba46.php 第 172 行.
NOTIC: [8] Undefined index: goods_attr D:\www\www\Application\Runtime\Cache\Home\dc21e6da2e1dbcec494898213c16ba46.php 第 172 行.
NOTIC: [8] Undefined index: goods_attr D:\www\www\Application\Runtime\Cache\Home\dc21e6da2e1dbcec494898213c16ba46.php 第 172 行.
NOTIC: [8] Undefined index: goods_attr D:\www\www\Application\Runtime\Cache\Home\dc21e6da2e1dbcec494898213c16ba46.php 第 172 行.
NOTIC: [8] Undefined variable: keyWords D:\www\www\Application\Runtime\Cache\Home\dc21e6da2e1dbcec494898213c16ba46.php 第 272 行.
INFO: Run Behavior\ParseTemplateBehavior [ RunTime:0.113352s ]
INFO: [ view_parse ] --END-- [ RunTime:0.113382s ]
INFO: [ view_filter ] --START--
INFO: Run Behavior\WriteHtmlCacheBehavior [ RunTime:0.000292s ]
INFO: [ view_filter ] --END-- [ RunTime:0.000315s ]
INFO: [ app_end ] --START--
INFO: Run Behavior\ShowPageTraceBehavior [ RunTime:0.000619s ]
INFO: [ app_end ] --END-- [ RunTime:0.000658s ]

[ 2017-09-10T00:21:50+08:00 ] 127.0.0.1 /index.php/Home/Cart/ajaxgetnum
INFO: [ app_init ] --START--
INFO: Run Behavior\BuildLiteBehavior [ RunTime:0.000014s ]
INFO: [ app_init ] --END-- [ RunTime:0.000305s ]
INFO: [ app_begin ] --START--
INFO: Run Behavior\ReadHtmlCacheBehavior [ RunTime:0.000774s ]
INFO: [ app_begin ] --END-- [ RunTime:0.000913s ]
NOTIC: [2] session_start(): Cannot send session cache limiter - headers already sent D:\www\www\ThinkPHP\Common\functions.php 第 1263 行.
SQL: SHOW COLUMNS FROM `tpshop_cart` [ RunTime:0.0191s ]
NOTIC: [8] Undefined variable: return D:\www\www\Application\Home\Model\CartModel.class.php 第 90 行.
NOTIC: [2] Invalid argument supplied for foreach() D:\www\www\Application\Home\Model\CartModel.class.php 第 99 行.
NOTIC: [2] Cannot modify header information - headers already sent D:\www\www\ThinkPHP\Library\Think\Controller.class.php 第 215 行.

[ 2017-09-10T00:22:38+08:00 ] 127.0.0.1 /index.php/Home/Index/detail/id/70
INFO: [ app_init ] --START--
INFO: Run Behavior\BuildLiteBehavior [ RunTime:0.000010s ]
INFO: [ app_init ] --END-- [ RunTime:0.000294s ]
INFO: [ app_begin ] --START--
INFO: Run Behavior\ReadHtmlCacheBehavior [ RunTime:0.000337s ]
INFO: [ app_begin ] --END-- [ RunTime:0.000384s ]
SQL: SHOW COLUMNS FROM `tpshop_goods` [ RunTime:0.0729s ]
SQL: SELECT * FROM `tpshop_goods` WHERE `id` = 70 LIMIT 1   [ RunTime:0.0004s ]
SQL: SHOW COLUMNS FROM `tpshop_goods_attr` [ RunTime:0.0557s ]
SQL: SELECT t1.*,t2.attr_name FROM tpshop_goods_attr t1 left join tpshop_attribute t2 on t1.attr_id=t2.attr_id  WHERE ( t1.goods_id=70 and t2.attr_type=1 )  [ RunTime:0.0489s ]
SQL: SELECT t1.*,t2.attr_name FROM tpshop_goods_attr t1 left join tpshop_attribute t2 on t1.attr_id=t2.attr_id  WHERE ( t1.goods_id=70 and t2.attr_type=0 )  [ RunTime:0.0004s ]
SQL: SHOW COLUMNS FROM `tpshop_goodspics` [ RunTime:0.0424s ]
SQL: SELECT * FROM `tpshop_goodspics` WHERE ( goods_id=70 )  [ RunTime:0.0004s ]
INFO: [ view_parse ] --START--
INFO: [ template_filter ] --START--
INFO: Run Behavior\ContentReplaceBehavior [ RunTime:0.000223s ]
INFO: [ template_filter ] --END-- [ RunTime:0.000257s ]
NOTIC: [8] Undefined index: user_info D:\www\www\Application\Runtime\Cache\Home\1223f42a89e823bf89547594651162de.php 第 28 行.
NOTIC: [8] Undefined offset: 0 D:\www\www\Application\Runtime\Cache\Home\1223f42a89e823bf89547594651162de.php 第 160 行.
NOTIC: [8] Undefined offset: 0 D:\www\www\Application\Runtime\Cache\Home\1223f42a89e823bf89547594651162de.php 第 160 行.
NOTIC: [8] Undefined offset: 0 D:\www\www\Application\Runtime\Cache\Home\1223f42a89e823bf89547594651162de.php 第 160 行.
INFO: Run Behavior\ParseTemplateBehavior [ RunTime:0.166176s ]
INFO: [ view_parse ] --END-- [ RunTime:0.166212s ]
INFO: [ view_filter ] --START--
INFO: Run Behavior\WriteHtmlCacheBehavior [ RunTime:0.000281s ]
INFO: [ view_filter ] --END-- [ RunTime:0.000304s ]
INFO: [ app_end ] --START--
INFO: Run Behavior\ShowPageTraceBehavior [ RunTime:0.000562s ]
INFO: [ app_end ] --END-- [ RunTime:0.000600s ]

[ 2017-09-10T00:22:40+08:00 ] 127.0.0.1 /index.php/Home/Cart/ajaxgetnum
INFO: [ app_init ] --START--
INFO: Run Behavior\BuildLiteBehavior [ RunTime:0.000013s ]
INFO: [ app_init ] --END-- [ RunTime:0.000409s ]
INFO: [ app_begin ] --START--
INFO: Run Behavior\ReadHtmlCacheBehavior [ RunTime:0.000460s ]
INFO: [ app_begin ] --END-- [ RunTime:0.000501s ]
NOTIC: [2] session_start(): Cannot send session cache limiter - headers already sent D:\www\www\ThinkPHP\Common\functions.php 第 1263 行.
SQL: SHOW COLUMNS FROM `tpshop_cart` [ RunTime:0.0136s ]
NOTIC: [8] Undefined variable: return D:\www\www\Application\Home\Model\CartModel.class.php 第 90 行.
NOTIC: [2] Invalid argument supplied for foreach() D:\www\www\Application\Home\Model\CartModel.class.php 第 99 行.
NOTIC: [2] Cannot modify header information - headers already sent D:\www\www\ThinkPHP\Library\Think\Controller.class.php 第 215 行.

[ 2017-09-10T00:37:12+08:00 ] 127.0.0.1 /index.php/Home/Index/detail/id/70
INFO: [ app_init ] --START--
INFO: Run Behavior\BuildLiteBehavior [ RunTime:0.000010s ]
INFO: [ app_init ] --END-- [ RunTime:0.000411s ]
INFO: [ app_begin ] --START--
INFO: Run Behavior\ReadHtmlCacheBehavior [ RunTime:0.000392s ]
INFO: [ app_begin ] --END-- [ RunTime:0.000425s ]
SQL: SHOW COLUMNS FROM `tpshop_goods` [ RunTime:0.1073s ]
SQL: SELECT * FROM `tpshop_goods` WHERE `id` = 70 LIMIT 1   [ RunTime:0.0005s ]
SQL: SHOW COLUMNS FROM `tpshop_goods_attr` [ RunTime:0.0110s ]
SQL: SELECT t1.*,t2.attr_name FROM tpshop_goods_attr t1 left join tpshop_attribute t2 on t1.attr_id=t2.attr_id  WHERE ( t1.goods_id=70 and t2.attr_type=1 )  [ RunTime:0.0003s ]
SQL: SELECT t1.*,t2.attr_name FROM tpshop_goods_attr t1 left join tpshop_attribute t2 on t1.attr_id=t2.attr_id  WHERE ( t1.goods_id=70 and t2.attr_type=0 )  [ RunTime:0.0002s ]
SQL: SHOW COLUMNS FROM `tpshop_goodspics` [ RunTime:0.0117s ]
SQL: SELECT * FROM `tpshop_goodspics` WHERE ( goods_id=70 )  [ RunTime:0.0003s ]
ERR: 模板不存在:./Application/Home/View/Index/detail.html

[ 2017-09-10T00:37:14+08:00 ] 127.0.0.1 /index.php/Home/Index/detail/id/70
INFO: [ app_init ] --START--
INFO: Run Behavior\BuildLiteBehavior [ RunTime:0.000017s ]
INFO: [ app_init ] --END-- [ RunTime:0.000969s ]
INFO: [ app_begin ] --START--
INFO: Run Behavior\ReadHtmlCacheBehavior [ RunTime:0.000627s ]
INFO: [ app_begin ] --END-- [ RunTime:0.000696s ]
SQL: SHOW COLUMNS FROM `tpshop_goods` [ RunTime:0.0809s ]
SQL: SELECT * FROM `tpshop_goods` WHERE `id` = 70 LIMIT 1   [ RunTime:0.0004s ]
SQL: SHOW COLUMNS FROM `tpshop_goods_attr` [ RunTime:0.0118s ]
SQL: SELECT t1.*,t2.attr_name FROM tpshop_goods_attr t1 left join tpshop_attribute t2 on t1.attr_id=t2.attr_id  WHERE ( t1.goods_id=70 and t2.attr_type=1 )  [ RunTime:0.0004s ]
SQL: SELECT t1.*,t2.attr_name FROM tpshop_goods_attr t1 left join tpshop_attribute t2 on t1.attr_id=t2.attr_id  WHERE ( t1.goods_id=70 and t2.attr_type=0 )  [ RunTime:0.0003s ]
SQL: SHOW COLUMNS FROM `tpshop_goodspics` [ RunTime:0.0122s ]
SQL: SELECT * FROM `tpshop_goodspics` WHERE ( goods_id=70 )  [ RunTime:0.0003s ]
ERR: 模板不存在:./Application/Home/View/Index/detail.html

[ 2017-09-10T00:38:09+08:00 ] 127.0.0.1 /index.php/Home/Index/detail/id/70
INFO: [ app_init ] --START--
INFO: Run Behavior\BuildLiteBehavior [ RunTime:0.000008s ]
INFO: [ app_init ] --END-- [ RunTime:0.000395s ]
INFO: [ app_begin ] --START--
INFO: Run Behavior\ReadHtmlCacheBehavior [ RunTime:0.000362s ]
INFO: [ app_begin ] --END-- [ RunTime:0.000393s ]
SQL: SHOW COLUMNS FROM `tpshop_goods` [ RunTime:0.0872s ]
SQL: SELECT * FROM `tpshop_goods` WHERE `id` = 70 LIMIT 1   [ RunTime:0.0006s ]
SQL: SHOW COLUMNS FROM `tpshop_goods_attr` [ RunTime:0.0179s ]
SQL: SELECT t1.*,t2.attr_name FROM tpshop_goods_attr t1 left join tpshop_attribute t2 on t1.attr_id=t2.attr_id  WHERE ( t1.goods_id=70 and t2.attr_type=1 )  [ RunTime:0.0031s ]
SQL: SELECT t1.*,t2.attr_name FROM tpshop_goods_attr t1 left join tpshop_attribute t2 on t1.attr_id=t2.attr_id  WHERE ( t1.goods_id=70 and t2.attr_type=0 )  [ RunTime:0.0026s ]
SQL: SHOW COLUMNS FROM `tpshop_goodspics` [ RunTime:0.0329s ]
SQL: SELECT * FROM `tpshop_goodspics` WHERE ( goods_id=70 )  [ RunTime:0.0013s ]
INFO: [ view_parse ] --START--
INFO: [ template_filter ] --START--
INFO: Run Behavior\ContentReplaceBehavior [ RunTime:0.000453s ]
INFO: [ template_filter ] --END-- [ RunTime:0.000598s ]
NOTIC: [8] Undefined index: user_info D:\www\www\Application\Runtime\Cache\Home\1223f42a89e823bf89547594651162de.php 第 28 行.
NOTIC: [8] Undefined offset: 0 D:\www\www\Application\Runtime\Cache\Home\1223f42a89e823bf89547594651162de.php 第 160 行.
NOTIC: [8] Undefined offset: 0 D:\www\www\Application\Runtime\Cache\Home\1223f42a89e823bf89547594651162de.php 第 160 行.
NOTIC: [8] Undefined offset: 0 D:\www\www\Application\Runtime\Cache\Home\1223f42a89e823bf89547594651162de.php 第 160 行.
INFO: Run Behavior\ParseTemplateBehavior [ RunTime:0.150788s ]
INFO: [ view_parse ] --END-- [ RunTime:0.150981s ]
INFO: [ view_filter ] --START--
INFO: Run Behavior\WriteHtmlCacheBehavior [ RunTime:0.001906s ]
INFO: [ view_filter ] --END-- [ RunTime:0.002022s ]
INFO: [ app_end ] --START--
INFO: Run Behavior\ShowPageTraceBehavior [ RunTime:0.001134s ]
INFO: [ app_end ] --END-- [ RunTime:0.001219s ]

[ 2017-09-10T00:38:10+08:00 ] 127.0.0.1 /index.php/Home/Index/detail/id/70
INFO: [ app_init ] --START--
INFO: Run Behavior\BuildLiteBehavior [ RunTime:0.000017s ]
INFO: [ app_init ] --END-- [ RunTime:0.000755s ]
INFO: [ app_begin ] --START--
INFO: Run Behavior\ReadHtmlCacheBehavior [ RunTime:0.000383s ]
INFO: [ app_begin ] --END-- [ RunTime:0.000424s ]
SQL: SHOW COLUMNS FROM `tpshop_goods` [ RunTime:0.0166s ]
SQL: SELECT * FROM `tpshop_goods` WHERE `id` = 70 LIMIT 1   [ RunTime:0.0006s ]
SQL: SHOW COLUMNS FROM `tpshop_goods_attr` [ RunTime:0.0140s ]
SQL: SELECT t1.*,t2.attr_name FROM tpshop_goods_attr t1 left join tpshop_attribute t2 on t1.attr_id=t2.attr_id  WHERE ( t1.goods_id=70 and t2.attr_type=1 )  [ RunTime:0.0005s ]
SQL: SELECT t1.*,t2.attr_name FROM tpshop_goods_attr t1 left join tpshop_attribute t2 on t1.attr_id=t2.attr_id  WHERE ( t1.goods_id=70 and t2.attr_type=0 )  [ RunTime:0.0006s ]
SQL: SHOW COLUMNS FROM `tpshop_goodspics` [ RunTime:0.0135s ]
SQL: SELECT * FROM `tpshop_goodspics` WHERE ( goods_id=70 )  [ RunTime:0.0006s ]
INFO: [ view_parse ] --START--
INFO: [ template_filter ] --START--
INFO: Run Behavior\ContentReplaceBehavior [ RunTime:0.000233s ]
INFO: [ template_filter ] --END-- [ RunTime:0.000275s ]
NOTIC: [8] Undefined index: user_info D:\www\www\Application\Runtime\Cache\Home\1223f42a89e823bf89547594651162de.php 第 28 行.
NOTIC: [8] Undefined offset: 0 D:\www\www\Application\Runtime\Cache\Home\1223f42a89e823bf89547594651162de.php 第 160 行.
NOTIC: [8] Undefined offset: 0 D:\www\www\Application\Runtime\Cache\Home\1223f42a89e823bf89547594651162de.php 第 160 行.
NOTIC: [8] Undefined offset: 0 D:\www\www\Application\Runtime\Cache\Home\1223f42a89e823bf89547594651162de.php 第 160 行.
INFO: Run Behavior\ParseTemplateBehavior [ RunTime:0.084239s ]
INFO: [ view_parse ] --END-- [ RunTime:0.084302s ]
INFO: [ view_filter ] --START--
INFO: Run Behavior\WriteHtmlCacheBehavior [ RunTime:0.000207s ]
INFO: [ view_filter ] --END-- [ RunTime:0.000228s ]
INFO: [ app_end ] --START--
INFO: Run Behavior\ShowPageTraceBehavior [ RunTime:0.000439s ]
INFO: [ app_end ] --END-- [ RunTime:0.000465s ]

[ 2017-09-10T00:38:11+08:00 ] 127.0.0.1 /index.php/Home/Cart/ajaxgetnum
INFO: [ app_init ] --START--
INFO: Run Behavior\BuildLiteBehavior [ RunTime:0.000011s ]
INFO: [ app_init ] --END-- [ RunTime:0.000305s ]
INFO: [ app_begin ] --START--
INFO: Run Behavior\ReadHtmlCacheBehavior [ RunTime:0.000524s ]
INFO: [ app_begin ] --END-- [ RunTime:0.000570s ]
NOTIC: [2] session_start(): Cannot send session cache limiter - headers already sent D:\www\www\ThinkPHP\Common\functions.php 第 1263 行.
SQL: SHOW COLUMNS FROM `tpshop_cart` [ RunTime:0.0718s ]
NOTIC: [8] Undefined variable: return D:\www\www\Application\Home\Model\CartModel.class.php 第 90 行.
NOTIC: [2] Invalid argument supplied for foreach() D:\www\www\Application\Home\Model\CartModel.class.php 第 99 行.
NOTIC: [2] Cannot modify header information - headers already sent D:\www\www\ThinkPHP\Library\Think\Controller.class.php 第 215 行.

[ 2017-09-10T00:43:40+08:00 ] 127.0.0.1 /index.php/Home/Index/detail/id/70
INFO: [ app_init ] --START--
INFO: Run Behavior\BuildLiteBehavior [ RunTime:0.000009s ]
INFO: [ app_init ] --END-- [ RunTime:0.000332s ]
INFO: [ app_begin ] --START--
INFO: Run Behavior\ReadHtmlCacheBehavior [ RunTime:0.000353s ]
INFO: [ app_begin ] --END-- [ RunTime:0.000385s ]
SQL: SHOW COLUMNS FROM `tpshop_goods` [ RunTime:0.0834s ]
SQL: SELECT * FROM `tpshop_goods` WHERE `id` = 70 LIMIT 1   [ RunTime:0.0008s ]
SQL: SHOW COLUMNS FROM `tpshop_goods_attr` [ RunTime:0.0259s ]
SQL: SELECT t1.*,t2.attr_name FROM tpshop_goods_attr t1 left join tpshop_attribute t2 on t1.attr_id=t2.attr_id  WHERE ( t1.goods_id=70 and t2.attr_type=1 )  [ RunTime:0.0004s ]
SQL: SELECT t1.*,t2.attr_name FROM tpshop_goods_attr t1 left join tpshop_attribute t2 on t1.attr_id=t2.attr_id  WHERE ( t1.goods_id=70 and t2.attr_type=0 )  [ RunTime:0.0003s ]
SQL: SHOW COLUMNS FROM `tpshop_goodspics` [ RunTime:0.0243s ]
SQL: SELECT * FROM `tpshop_goodspics` WHERE ( goods_id=70 )  [ RunTime:0.0005s ]
INFO: [ view_parse ] --START--
INFO: [ template_filter ] --START--
INFO: Run Behavior\ContentReplaceBehavior [ RunTime:0.000240s ]
INFO: [ template_filter ] --END-- [ RunTime:0.000294s ]
NOTIC: [8] Undefined index: user_info D:\www\www\Application\Runtime\Cache\Home\1223f42a89e823bf89547594651162de.php 第 28 行.
NOTIC: [8] Undefined offset: 0 D:\www\www\Application\Runtime\Cache\Home\1223f42a89e823bf89547594651162de.php 第 160 行.
NOTIC: [8] Undefined offset: 0 D:\www\www\Application\Runtime\Cache\Home\1223f42a89e823bf89547594651162de.php 第 160 行.
NOTIC: [8] Undefined offset: 0 D:\www\www\Application\Runtime\Cache\Home\1223f42a89e823bf89547594651162de.php 第 160 行.
INFO: Run Behavior\ParseTemplateBehavior [ RunTime:0.095965s ]
INFO: [ view_parse ] --END-- [ RunTime:0.096009s ]
INFO: [ view_filter ] --START--
INFO: Run Behavior\WriteHtmlCacheBehavior [ RunTime:0.000379s ]
INFO: [ view_filter ] --END-- [ RunTime:0.000415s ]
INFO: [ app_end ] --START--
INFO: Run Behavior\ShowPageTraceBehavior [ RunTime:0.000953s ]
INFO: [ app_end ] --END-- [ RunTime:0.001037s ]

[ 2017-09-10T00:43:41+08:00 ] 127.0.0.1 /index.php/Home/Cart/ajaxgetnum
INFO: [ app_init ] --START--
INFO: Run Behavior\BuildLiteBehavior [ RunTime:0.000011s ]
INFO: [ app_init ] --END-- [ RunTime:0.000325s ]
INFO: [ app_begin ] --START--
INFO: Run Behavior\ReadHtmlCacheBehavior [ RunTime:0.000388s ]
INFO: [ app_begin ] --END-- [ RunTime:0.000430s ]
NOTIC: [2] session_start(): Cannot send session cache limiter - headers already sent D:\www\www\ThinkPHP\Common\functions.php 第 1263 行.
SQL: SHOW COLUMNS FROM `tpshop_cart` [ RunTime:0.0155s ]
NOTIC: [8] Undefined variable: return D:\www\www\Application\Home\Model\CartModel.class.php 第 90 行.
NOTIC: [2] Invalid argument supplied for foreach() D:\www\www\Application\Home\Model\CartModel.class.php 第 99 行.
NOTIC: [2] Cannot modify header information - headers already sent D:\www\www\ThinkPHP\Library\Think\Controller.class.php 第 215 行.

[ 2017-09-10T00:43:45+08:00 ] 127.0.0.1 /index.php/Home/Index/detail/id/70
INFO: [ app_init ] --START--
INFO: Run Behavior\BuildLiteBehavior [ RunTime:0.000035s ]
INFO: [ app_init ] --END-- [ RunTime:0.000879s ]
INFO: [ app_begin ] --START--
INFO: Run Behavior\ReadHtmlCacheBehavior [ RunTime:0.000322s ]
INFO: [ app_begin ] --END-- [ RunTime:0.000356s ]
SQL: SHOW COLUMNS FROM `tpshop_goods` [ RunTime:0.0936s ]
SQL: SELECT * FROM `tpshop_goods` WHERE `id` = 70 LIMIT 1   [ RunTime:0.0005s ]
SQL: SHOW COLUMNS FROM `tpshop_goods_attr` [ RunTime:0.0599s ]
SQL: SELECT t1.*,t2.attr_name FROM tpshop_goods_attr t1 left join tpshop_attribute t2 on t1.attr_id=t2.attr_id  WHERE ( t1.goods_id=70 and t2.attr_type=1 )  [ RunTime:0.0004s ]
SQL: SELECT t1.*,t2.attr_name FROM tpshop_goods_attr t1 left join tpshop_attribute t2 on t1.attr_id=t2.attr_id  WHERE ( t1.goods_id=70 and t2.attr_type=0 )  [ RunTime:0.0004s ]
SQL: SHOW COLUMNS FROM `tpshop_goodspics` [ RunTime:0.0116s ]
SQL: SELECT * FROM `tpshop_goodspics` WHERE ( goods_id=70 )  [ RunTime:0.0004s ]
INFO: [ view_parse ] --START--
INFO: [ template_filter ] --START--
INFO: Run Behavior\ContentReplaceBehavior [ RunTime:0.000225s ]
INFO: [ template_filter ] --END-- [ RunTime:0.000260s ]
NOTIC: [8] Undefined index: user_info D:\www\www\Application\Runtime\Cache\Home\1223f42a89e823bf89547594651162de.php 第 28 行.
NOTIC: [8] Undefined offset: 0 D:\www\www\Application\Runtime\Cache\Home\1223f42a89e823bf89547594651162de.php 第 160 行.
NOTIC: [8] Undefined offset: 0 D:\www\www\Application\Runtime\Cache\Home\1223f42a89e823bf89547594651162de.php 第 160 行.
NOTIC: [8] Undefined offset: 0 D:\www\www\Application\Runtime\Cache\Home\1223f42a89e823bf89547594651162de.php 第 160 行.
INFO: Run Behavior\ParseTemplateBehavior [ RunTime:0.080938s ]
INFO: [ view_parse ] --END-- [ RunTime:0.080970s ]
INFO: [ view_filter ] --START--
INFO: Run Behavior\WriteHtmlCacheBehavior [ RunTime:0.000204s ]
INFO: [ view_filter ] --END-- [ RunTime:0.000226s ]
INFO: [ app_end ] --START--
INFO: Run Behavior\ShowPageTraceBehavior [ RunTime:0.000343s ]
INFO: [ app_end ] --END-- [ RunTime:0.000369s ]

[ 2017-09-10T00:43:47+08:00 ] 127.0.0.1 /index.php/Home/Cart/ajaxgetnum
INFO: [ app_init ] --START--
INFO: Run Behavior\BuildLiteBehavior [ RunTime:0.000012s ]
INFO: [ app_init ] --END-- [ RunTime:0.000287s ]
INFO: [ app_begin ] --START--
INFO: Run Behavior\ReadHtmlCacheBehavior [ RunTime:0.000324s ]
INFO: [ app_begin ] --END-- [ RunTime:0.000358s ]
NOTIC: [2] session_start(): Cannot send session cache limiter - headers already sent D:\www\www\ThinkPHP\Common\functions.php 第 1263 行.
SQL: SHOW COLUMNS FROM `tpshop_cart` [ RunTime:0.0233s ]
NOTIC: [8] Undefined variable: return D:\www\www\Application\Home\Model\CartModel.class.php 第 90 行.
NOTIC: [2] Invalid argument supplied for foreach() D:\www\www\Application\Home\Model\CartModel.class.php 第 99 行.
NOTIC: [2] Cannot modify header information - headers already sent D:\www\www\ThinkPHP\Library\Think\Controller.class.php 第 215 行.

[ 2017-09-10T21:57:28+08:00 ] 127.0.0.1 /
INFO: [ app_init ] --START--
INFO: Run Behavior\BuildLiteBehavior [ RunTime:0.000010s ]
INFO: [ app_init ] --END-- [ RunTime:0.010084s ]
INFO: [ app_begin ] --START--
INFO: Run Behavior\ReadHtmlCacheBehavior [ RunTime:0.037946s ]
INFO: [ app_begin ] --END-- [ RunTime:0.037994s ]
SQL: SHOW COLUMNS FROM `tpshop_category` [ RunTime:0.1048s ]
SQL: SELECT * FROM `tpshop_category`  [ RunTime:0.0152s ]
SQL: SELECT * FROM `tpshop_category` WHERE `id` = 23 LIMIT 1   [ RunTime:0.0042s ]
SQL: SHOW COLUMNS FROM `tpshop_goods` [ RunTime:0.0164s ]
SQL: SELECT * FROM `tpshop_goods` WHERE ( cate_id = 23 ) LIMIT 5   [ RunTime:0.0007s ]
SQL: SELECT * FROM `tpshop_category` WHERE `id` = 28 LIMIT 1   [ RunTime:0.0003s ]
SQL: SELECT * FROM `tpshop_goods` WHERE ( cate_id = 28 ) LIMIT 5   [ RunTime:0.0004s ]
SQL: SELECT * FROM `tpshop_category` WHERE `id` = 37 LIMIT 1   [ RunTime:0.0002s ]
SQL: SELECT * FROM `tpshop_goods` WHERE ( cate_id = 37 ) LIMIT 5   [ RunTime:0.0003s ]
INFO: [ view_parse ] --START--
INFO: [ template_filter ] --START--
INFO: Run Behavior\ContentReplaceBehavior [ RunTime:0.000158s ]
INFO: [ template_filter ] --END-- [ RunTime:0.000194s ]
NOTIC: [8] Undefined index: user_info D:\www\www\Application\Runtime\Cache\Home\2a94b8bda04ff446dcedd42276fc99ee.php 第 28 行.
INFO: Run Behavior\ParseTemplateBehavior [ RunTime:0.439727s ]
INFO: [ view_parse ] --END-- [ RunTime:0.439764s ]
INFO: [ view_filter ] --START--
INFO: Run Behavior\WriteHtmlCacheBehavior [ RunTime:0.009623s ]
INFO: [ view_filter ] --END-- [ RunTime:0.009659s ]
INFO: [ app_end ] --START--
INFO: Run Behavior\ShowPageTraceBehavior [ RunTime:0.013916s ]
INFO: [ app_end ] --END-- [ RunTime:0.013972s ]

[ 2017-09-10T21:57:30+08:00 ] 127.0.0.1 /index.php/Home/Cart/ajaxgetnum
INFO: [ app_init ] --START--
INFO: Run Behavior\BuildLiteBehavior [ RunTime:0.000008s ]
INFO: [ app_init ] --END-- [ RunTime:0.000318s ]
INFO: [ app_begin ] --START--
INFO: Run Behavior\ReadHtmlCacheBehavior [ RunTime:0.000469s ]
INFO: [ app_begin ] --END-- [ RunTime:0.000522s ]
NOTIC: [2] session_start(): Cannot send session cache limiter - headers already sent D:\www\www\ThinkPHP\Common\functions.php 第 1263 行.
SQL: SHOW COLUMNS FROM `tpshop_cart` [ RunTime:0.0904s ]
NOTIC: [8] Undefined variable: return D:\www\www\Application\Home\Model\CartModel.class.php 第 90 行.
NOTIC: [2] Invalid argument supplied for foreach() D:\www\www\Application\Home\Model\CartModel.class.php 第 99 行.
NOTIC: [2] Cannot modify header information - headers already sent D:\www\www\ThinkPHP\Library\Think\Controller.class.php 第 215 行.

