[ 2017-07-01T09:17:50+08:00 ] 127.0.0.1 /
INFO: [ app_init ] --START--
INFO: Run Behavior\BuildLiteBehavior [ RunTime:0.000015s ]
INFO: [ app_init ] --END-- [ RunTime:0.010940s ]
INFO: [ app_begin ] --START--
INFO: Run Behavior\ReadHtmlCacheBehavior [ RunTime:0.001123s ]
INFO: [ app_begin ] --END-- [ RunTime:0.001167s ]
SQL: SHOW COLUMNS FROM `tpshop_category` [ RunTime:0.0370s ]
SQL: SELECT * FROM `tpshop_category`  [ RunTime:0.0003s ]
SQL: SELECT * FROM `tpshop_category` WHERE `id` = 23 LIMIT 1   [ RunTime:0.0002s ]
SQL: SHOW COLUMNS FROM `tpshop_goods` [ RunTime:0.0121s ]
SQL: SELECT * FROM `tpshop_goods` WHERE ( cate_id = 23 ) LIMIT 5   [ RunTime:0.0006s ]
SQL: SELECT * FROM `tpshop_category` WHERE `id` = 28 LIMIT 1   [ RunTime:0.0002s ]
SQL: SELECT * FROM `tpshop_goods` WHERE ( cate_id = 28 ) LIMIT 5   [ RunTime:0.0002s ]
SQL: SELECT * FROM `tpshop_category` WHERE `id` = 37 LIMIT 1   [ RunTime:0.0001s ]
SQL: SELECT * FROM `tpshop_goods` WHERE ( cate_id = 37 ) LIMIT 5   [ RunTime:0.0002s ]
INFO: [ view_parse ] --START--
INFO: [ template_filter ] --START--
INFO: Run Behavior\ContentReplaceBehavior [ RunTime:0.000300s ]
INFO: [ template_filter ] --END-- [ RunTime:0.000473s ]
NOTIC: [8] Undefined index: user_info D:\aaaa\Application\Runtime\Cache\Home\2a94b8bda04ff446dcedd42276fc99ee.php 第 28 行.
INFO: Run Behavior\ParseTemplateBehavior [ RunTime:0.281009s ]
INFO: [ view_parse ] --END-- [ RunTime:0.281107s ]
INFO: [ view_filter ] --START--
INFO: Run Behavior\WriteHtmlCacheBehavior [ RunTime:0.017105s ]
INFO: [ view_filter ] --END-- [ RunTime:0.017142s ]
INFO: [ app_end ] --START--
INFO: Run Behavior\ShowPageTraceBehavior [ RunTime:0.016482s ]
INFO: [ app_end ] --END-- [ RunTime:0.016534s ]

[ 2017-07-01T09:17:52+08:00 ] 127.0.0.1 /index.php/Home/Cart/ajaxgetnum
INFO: [ app_init ] --START--
INFO: Run Behavior\BuildLiteBehavior [ RunTime:0.000036s ]
INFO: [ app_init ] --END-- [ RunTime:0.000680s ]
INFO: [ app_begin ] --START--
INFO: Run Behavior\ReadHtmlCacheBehavior [ RunTime:0.000959s ]
INFO: [ app_begin ] --END-- [ RunTime:0.001088s ]
SQL: SHOW COLUMNS FROM `tpshop_cart` [ RunTime:0.0304s ]
NOTIC: [8] Undefined variable: return D:\aaaa\Application\Home\Model\CartModel.class.php 第 90 行.
NOTIC: [2] Invalid argument supplied for foreach() D:\aaaa\Application\Home\Model\CartModel.class.php 第 99 行.

[ 2017-07-01T09:18:34+08:00 ] 127.0.0.1 /
INFO: [ app_init ] --START--
INFO: Run Behavior\BuildLiteBehavior [ RunTime:0.000012s ]
INFO: [ app_init ] --END-- [ RunTime:0.000344s ]
INFO: [ app_begin ] --START--
INFO: Run Behavior\ReadHtmlCacheBehavior [ RunTime:0.000668s ]
INFO: [ app_begin ] --END-- [ RunTime:0.000731s ]
SQL: SHOW COLUMNS FROM `tpshop_category` [ RunTime:0.0365s ]
SQL: SELECT * FROM `tpshop_category`  [ RunTime:0.0003s ]
SQL: SELECT * FROM `tpshop_category` WHERE `id` = 23 LIMIT 1   [ RunTime:0.0001s ]
SQL: SHOW COLUMNS FROM `tpshop_goods` [ RunTime:0.0142s ]
SQL: SELECT * FROM `tpshop_goods` WHERE ( cate_id = 23 ) LIMIT 5   [ RunTime:0.0003s ]
SQL: SELECT * FROM `tpshop_category` WHERE `id` = 28 LIMIT 1   [ RunTime:0.0001s ]
SQL: SELECT * FROM `tpshop_goods` WHERE ( cate_id = 28 ) LIMIT 5   [ RunTime:0.0002s ]
SQL: SELECT * FROM `tpshop_category` WHERE `id` = 37 LIMIT 1   [ RunTime:0.0001s ]
SQL: SELECT * FROM `tpshop_goods` WHERE ( cate_id = 37 ) LIMIT 5   [ RunTime:0.0002s ]
INFO: [ view_parse ] --START--
INFO: [ template_filter ] --START--
INFO: Run Behavior\ContentReplaceBehavior [ RunTime:0.000143s ]
INFO: [ template_filter ] --END-- [ RunTime:0.000178s ]
NOTIC: [8] Undefined index: user_info D:\aaaa\Application\Runtime\Cache\Home\2a94b8bda04ff446dcedd42276fc99ee.php 第 28 行.
INFO: Run Behavior\ParseTemplateBehavior [ RunTime:0.072841s ]
INFO: [ view_parse ] --END-- [ RunTime:0.072941s ]
INFO: [ view_filter ] --START--
INFO: Run Behavior\WriteHtmlCacheBehavior [ RunTime:0.000689s ]
INFO: [ view_filter ] --END-- [ RunTime:0.000751s ]
INFO: [ app_end ] --START--
INFO: Run Behavior\ShowPageTraceBehavior [ RunTime:0.001069s ]
INFO: [ app_end ] --END-- [ RunTime:0.001206s ]

[ 2017-07-01T09:18:35+08:00 ] 127.0.0.1 /index.php/Home/Cart/ajaxgetnum
INFO: [ app_init ] --START--
INFO: Run Behavior\BuildLiteBehavior [ RunTime:0.000039s ]
INFO: [ app_init ] --END-- [ RunTime:0.000802s ]
INFO: [ app_begin ] --START--
INFO: Run Behavior\ReadHtmlCacheBehavior [ RunTime:0.001299s ]
INFO: [ app_begin ] --END-- [ RunTime:0.001457s ]
SQL: SHOW COLUMNS FROM `tpshop_cart` [ RunTime:0.0121s ]
NOTIC: [8] Undefined variable: return D:\aaaa\Application\Home\Model\CartModel.class.php 第 90 行.
NOTIC: [2] Invalid argument supplied for foreach() D:\aaaa\Application\Home\Model\CartModel.class.php 第 99 行.

[ 2017-07-01T09:18:39+08:00 ] 127.0.0.1 /
INFO: [ app_init ] --START--
INFO: Run Behavior\BuildLiteBehavior [ RunTime:0.000023s ]
INFO: [ app_init ] --END-- [ RunTime:0.000457s ]
INFO: [ app_begin ] --START--
INFO: Run Behavior\ReadHtmlCacheBehavior [ RunTime:0.000553s ]
INFO: [ app_begin ] --END-- [ RunTime:0.000609s ]
SQL: SHOW COLUMNS FROM `tpshop_category` [ RunTime:0.0124s ]
SQL: SELECT * FROM `tpshop_category`  [ RunTime:0.0003s ]
SQL: SELECT * FROM `tpshop_category` WHERE `id` = 23 LIMIT 1   [ RunTime:0.0001s ]
SQL: SHOW COLUMNS FROM `tpshop_goods` [ RunTime:0.0128s ]
SQL: SELECT * FROM `tpshop_goods` WHERE ( cate_id = 23 ) LIMIT 5   [ RunTime:0.0003s ]
SQL: SELECT * FROM `tpshop_category` WHERE `id` = 28 LIMIT 1   [ RunTime:0.0001s ]
SQL: SELECT * FROM `tpshop_goods` WHERE ( cate_id = 28 ) LIMIT 5   [ RunTime:0.0002s ]
SQL: SELECT * FROM `tpshop_category` WHERE `id` = 37 LIMIT 1   [ RunTime:0.0001s ]
SQL: SELECT * FROM `tpshop_goods` WHERE ( cate_id = 37 ) LIMIT 5   [ RunTime:0.0002s ]
INFO: [ view_parse ] --START--
INFO: [ template_filter ] --START--
INFO: Run Behavior\ContentReplaceBehavior [ RunTime:0.000161s ]
INFO: [ template_filter ] --END-- [ RunTime:0.000222s ]
NOTIC: [8] Undefined index: user_info D:\aaaa\Application\Runtime\Cache\Home\2a94b8bda04ff446dcedd42276fc99ee.php 第 28 行.
INFO: Run Behavior\ParseTemplateBehavior [ RunTime:0.084176s ]
INFO: [ view_parse ] --END-- [ RunTime:0.084259s ]
INFO: [ view_filter ] --START--
INFO: Run Behavior\WriteHtmlCacheBehavior [ RunTime:0.000897s ]
INFO: [ view_filter ] --END-- [ RunTime:0.001002s ]
INFO: [ app_end ] --START--
INFO: Run Behavior\ShowPageTraceBehavior [ RunTime:0.001719s ]
INFO: [ app_end ] --END-- [ RunTime:0.001926s ]

[ 2017-07-01T09:18:41+08:00 ] 127.0.0.1 /index.php/Home/Cart/ajaxgetnum
INFO: [ app_init ] --START--
INFO: Run Behavior\BuildLiteBehavior [ RunTime:0.000030s ]
INFO: [ app_init ] --END-- [ RunTime:0.000574s ]
INFO: [ app_begin ] --START--
INFO: Run Behavior\ReadHtmlCacheBehavior [ RunTime:0.000869s ]
INFO: [ app_begin ] --END-- [ RunTime:0.000958s ]
SQL: SHOW COLUMNS FROM `tpshop_cart` [ RunTime:0.0134s ]
NOTIC: [8] Undefined variable: return D:\aaaa\Application\Home\Model\CartModel.class.php 第 90 行.
NOTIC: [2] Invalid argument supplied for foreach() D:\aaaa\Application\Home\Model\CartModel.class.php 第 99 行.

[ 2017-07-01T10:09:20+08:00 ] 127.0.0.1 /
INFO: [ app_init ] --START--
INFO: Run Behavior\BuildLiteBehavior [ RunTime:0.000010s ]
INFO: [ app_init ] --END-- [ RunTime:0.000350s ]
INFO: [ app_begin ] --START--
INFO: Run Behavior\ReadHtmlCacheBehavior [ RunTime:0.000726s ]
INFO: [ app_begin ] --END-- [ RunTime:0.000782s ]
SQL: SHOW COLUMNS FROM `tpshop_category` [ RunTime:0.0229s ]
SQL: SELECT * FROM `tpshop_category`  [ RunTime:0.0003s ]
SQL: SELECT * FROM `tpshop_category` WHERE `id` = 23 LIMIT 1   [ RunTime:0.0001s ]
SQL: SHOW COLUMNS FROM `tpshop_goods` [ RunTime:0.0108s ]
SQL: SELECT * FROM `tpshop_goods` WHERE ( cate_id = 23 ) LIMIT 5   [ RunTime:0.0002s ]
SQL: SELECT * FROM `tpshop_category` WHERE `id` = 28 LIMIT 1   [ RunTime:0.0001s ]
SQL: SELECT * FROM `tpshop_goods` WHERE ( cate_id = 28 ) LIMIT 5   [ RunTime:0.0002s ]
SQL: SELECT * FROM `tpshop_category` WHERE `id` = 37 LIMIT 1   [ RunTime:0.0001s ]
SQL: SELECT * FROM `tpshop_goods` WHERE ( cate_id = 37 ) LIMIT 5   [ RunTime:0.0002s ]
INFO: [ view_parse ] --START--
INFO: [ template_filter ] --START--
INFO: Run Behavior\ContentReplaceBehavior [ RunTime:0.000153s ]
INFO: [ template_filter ] --END-- [ RunTime:0.000201s ]
NOTIC: [8] Undefined index: user_info D:\aaaa\Application\Runtime\Cache\Home\2a94b8bda04ff446dcedd42276fc99ee.php 第 28 行.
INFO: Run Behavior\ParseTemplateBehavior [ RunTime:0.070181s ]
INFO: [ view_parse ] --END-- [ RunTime:0.070225s ]
INFO: [ view_filter ] --START--
INFO: Run Behavior\WriteHtmlCacheBehavior [ RunTime:0.000365s ]
INFO: [ view_filter ] --END-- [ RunTime:0.000392s ]
INFO: [ app_end ] --START--
INFO: Run Behavior\ShowPageTraceBehavior [ RunTime:0.000768s ]
INFO: [ app_end ] --END-- [ RunTime:0.000822s ]

[ 2017-07-01T10:09:21+08:00 ] 127.0.0.1 /index.php/Home/Cart/ajaxgetnum
INFO: [ app_init ] --START--
INFO: Run Behavior\BuildLiteBehavior [ RunTime:0.000011s ]
INFO: [ app_init ] --END-- [ RunTime:0.000323s ]
INFO: [ app_begin ] --START--
INFO: Run Behavior\ReadHtmlCacheBehavior [ RunTime:0.000416s ]
INFO: [ app_begin ] --END-- [ RunTime:0.000451s ]
SQL: SHOW COLUMNS FROM `tpshop_cart` [ RunTime:0.0602s ]
NOTIC: [8] Undefined variable: return D:\aaaa\Application\Home\Model\CartModel.class.php 第 90 行.
NOTIC: [2] Invalid argument supplied for foreach() D:\aaaa\Application\Home\Model\CartModel.class.php 第 99 行.

[ 2017-07-01T10:09:25+08:00 ] 127.0.0.1 /index.php/Home/Search/search?index_none_header_sysc=12
INFO: [ app_init ] --START--
INFO: Run Behavior\BuildLiteBehavior [ RunTime:0.000010s ]
INFO: [ app_init ] --END-- [ RunTime:0.000295s ]
INFO: [ app_begin ] --START--
INFO: Run Behavior\ReadHtmlCacheBehavior [ RunTime:0.000421s ]
INFO: [ app_begin ] --END-- [ RunTime:0.000456s ]
SQL: SHOW COLUMNS FROM `tpshop_goods` [ RunTime:0.0134s ]
SQL: SELECT * FROM `tpshop_goods` WHERE ( goods_name like '%12%' )  [ RunTime:0.0003s ]
INFO: [ view_parse ] --START--
INFO: [ template_filter ] --START--
INFO: Run Behavior\ContentReplaceBehavior [ RunTime:0.000128s ]
INFO: [ template_filter ] --END-- [ RunTime:0.000174s ]
NOTIC: [8] Undefined variable: title D:\aaaa\Application\Runtime\Cache\Home\dc21e6da2e1dbcec494898213c16ba46.php 第 7 行.
NOTIC: [8] Undefined index: user_info D:\aaaa\Application\Runtime\Cache\Home\dc21e6da2e1dbcec494898213c16ba46.php 第 28 行.
NOTIC: [8] Undefined index: goods_attr D:\aaaa\Application\Runtime\Cache\Home\dc21e6da2e1dbcec494898213c16ba46.php 第 172 行.
INFO: Run Behavior\ParseTemplateBehavior [ RunTime:0.077301s ]
INFO: [ view_parse ] --END-- [ RunTime:0.077338s ]
INFO: [ view_filter ] --START--
INFO: Run Behavior\WriteHtmlCacheBehavior [ RunTime:0.000241s ]
INFO: [ view_filter ] --END-- [ RunTime:0.000266s ]
INFO: [ app_end ] --START--
INFO: Run Behavior\ShowPageTraceBehavior [ RunTime:0.000519s ]
INFO: [ app_end ] --END-- [ RunTime:0.000555s ]

[ 2017-07-01T10:09:27+08:00 ] 127.0.0.1 /index.php/Home/Cart/ajaxgetnum
INFO: [ app_init ] --START--
INFO: Run Behavior\BuildLiteBehavior [ RunTime:0.000020s ]
INFO: [ app_init ] --END-- [ RunTime:0.000524s ]
INFO: [ app_begin ] --START--
INFO: Run Behavior\ReadHtmlCacheBehavior [ RunTime:0.000434s ]
INFO: [ app_begin ] --END-- [ RunTime:0.000469s ]
SQL: SHOW COLUMNS FROM `tpshop_cart` [ RunTime:0.0272s ]
NOTIC: [8] Undefined variable: return D:\aaaa\Application\Home\Model\CartModel.class.php 第 90 行.
NOTIC: [2] Invalid argument supplied for foreach() D:\aaaa\Application\Home\Model\CartModel.class.php 第 99 行.

[ 2017-07-01T10:09:30+08:00 ] 127.0.0.1 /index.php/Home/Index/detail/id/62
INFO: [ app_init ] --START--
INFO: Run Behavior\BuildLiteBehavior [ RunTime:0.000010s ]
INFO: [ app_init ] --END-- [ RunTime:0.000299s ]
INFO: [ app_begin ] --START--
INFO: Run Behavior\ReadHtmlCacheBehavior [ RunTime:0.000537s ]
INFO: [ app_begin ] --END-- [ RunTime:0.000578s ]
SQL: SHOW COLUMNS FROM `tpshop_goods` [ RunTime:0.0136s ]
SQL: SELECT * FROM `tpshop_goods` WHERE `id` = 62 LIMIT 1   [ RunTime:0.0002s ]
SQL: SHOW COLUMNS FROM `tpshop_goods_attr` [ RunTime:0.0651s ]
SQL: SELECT t1.*,t2.attr_name FROM tpshop_goods_attr t1 left join tpshop_attribute t2 on t1.attr_id=t2.attr_id  WHERE ( t1.goods_id=62 and t2.attr_type=1 )  [ RunTime:0.0892s ]
SQL: SELECT t1.*,t2.attr_name FROM tpshop_goods_attr t1 left join tpshop_attribute t2 on t1.attr_id=t2.attr_id  WHERE ( t1.goods_id=62 and t2.attr_type=0 )  [ RunTime:0.0002s ]
SQL: SHOW COLUMNS FROM `tpshop_goodspics` [ RunTime:0.0441s ]
SQL: SELECT * FROM `tpshop_goodspics` WHERE ( goods_id=62 )  [ RunTime:0.0002s ]
INFO: [ view_parse ] --START--
INFO: [ template_filter ] --START--
INFO: Run Behavior\ContentReplaceBehavior [ RunTime:0.000187s ]
INFO: [ template_filter ] --END-- [ RunTime:0.000224s ]
NOTIC: [8] Undefined index: user_info D:\aaaa\Application\Runtime\Cache\Home\1223f42a89e823bf89547594651162de.php 第 28 行.
NOTIC: [8] Undefined offset: 0 D:\aaaa\Application\Runtime\Cache\Home\1223f42a89e823bf89547594651162de.php 第 160 行.
NOTIC: [8] Undefined offset: 0 D:\aaaa\Application\Runtime\Cache\Home\1223f42a89e823bf89547594651162de.php 第 160 行.
NOTIC: [8] Undefined offset: 0 D:\aaaa\Application\Runtime\Cache\Home\1223f42a89e823bf89547594651162de.php 第 160 行.
INFO: Run Behavior\ParseTemplateBehavior [ RunTime:0.113190s ]
INFO: [ view_parse ] --END-- [ RunTime:0.113233s ]
INFO: [ view_filter ] --START--
INFO: Run Behavior\WriteHtmlCacheBehavior [ RunTime:0.000396s ]
INFO: [ view_filter ] --END-- [ RunTime:0.000423s ]
INFO: [ app_end ] --START--
INFO: Run Behavior\ShowPageTraceBehavior [ RunTime:0.000549s ]
INFO: [ app_end ] --END-- [ RunTime:0.000586s ]

[ 2017-07-01T10:09:32+08:00 ] 127.0.0.1 /index.php/Home/Search/search?index_none_header_sysc=1
INFO: [ app_init ] --START--
INFO: Run Behavior\BuildLiteBehavior [ RunTime:0.000010s ]
INFO: [ app_init ] --END-- [ RunTime:0.000291s ]
INFO: [ app_begin ] --START--
INFO: Run Behavior\ReadHtmlCacheBehavior [ RunTime:0.000406s ]
INFO: [ app_begin ] --END-- [ RunTime:0.000440s ]
SQL: SHOW COLUMNS FROM `tpshop_goods` [ RunTime:0.0141s ]
SQL: SELECT * FROM `tpshop_goods` WHERE ( goods_name like '%1%' )  [ RunTime:0.0004s ]
INFO: [ view_parse ] --START--
INFO: [ template_filter ] --START--
INFO: Run Behavior\ContentReplaceBehavior [ RunTime:0.000118s ]
INFO: [ template_filter ] --END-- [ RunTime:0.000153s ]
NOTIC: [8] Undefined variable: title D:\aaaa\Application\Runtime\Cache\Home\dc21e6da2e1dbcec494898213c16ba46.php 第 7 行.
NOTIC: [8] Undefined index: user_info D:\aaaa\Application\Runtime\Cache\Home\dc21e6da2e1dbcec494898213c16ba46.php 第 28 行.
NOTIC: [8] Undefined index: goods_attr D:\aaaa\Application\Runtime\Cache\Home\dc21e6da2e1dbcec494898213c16ba46.php 第 172 行.
NOTIC: [8] Undefined index: goods_attr D:\aaaa\Application\Runtime\Cache\Home\dc21e6da2e1dbcec494898213c16ba46.php 第 172 行.
NOTIC: [8] Undefined index: goods_attr D:\aaaa\Application\Runtime\Cache\Home\dc21e6da2e1dbcec494898213c16ba46.php 第 172 行.
NOTIC: [8] Undefined index: goods_attr D:\aaaa\Application\Runtime\Cache\Home\dc21e6da2e1dbcec494898213c16ba46.php 第 172 行.
NOTIC: [8] Undefined index: goods_attr D:\aaaa\Application\Runtime\Cache\Home\dc21e6da2e1dbcec494898213c16ba46.php 第 172 行.
NOTIC: [8] Undefined index: goods_attr D:\aaaa\Application\Runtime\Cache\Home\dc21e6da2e1dbcec494898213c16ba46.php 第 172 行.
NOTIC: [8] Undefined index: goods_attr D:\aaaa\Application\Runtime\Cache\Home\dc21e6da2e1dbcec494898213c16ba46.php 第 172 行.
NOTIC: [8] Undefined index: goods_attr D:\aaaa\Application\Runtime\Cache\Home\dc21e6da2e1dbcec494898213c16ba46.php 第 172 行.
NOTIC: [8] Undefined index: goods_attr D:\aaaa\Application\Runtime\Cache\Home\dc21e6da2e1dbcec494898213c16ba46.php 第 172 行.
NOTIC: [8] Undefined index: goods_attr D:\aaaa\Application\Runtime\Cache\Home\dc21e6da2e1dbcec494898213c16ba46.php 第 172 行.
NOTIC: [8] Undefined index: goods_attr D:\aaaa\Application\Runtime\Cache\Home\dc21e6da2e1dbcec494898213c16ba46.php 第 172 行.
NOTIC: [8] Undefined index: goods_attr D:\aaaa\Application\Runtime\Cache\Home\dc21e6da2e1dbcec494898213c16ba46.php 第 172 行.
NOTIC: [8] Undefined index: goods_attr D:\aaaa\Application\Runtime\Cache\Home\dc21e6da2e1dbcec494898213c16ba46.php 第 172 行.
NOTIC: [8] Undefined index: goods_attr D:\aaaa\Application\Runtime\Cache\Home\dc21e6da2e1dbcec494898213c16ba46.php 第 172 行.
NOTIC: [8] Undefined index: goods_attr D:\aaaa\Application\Runtime\Cache\Home\dc21e6da2e1dbcec494898213c16ba46.php 第 172 行.
NOTIC: [8] Undefined index: goods_attr D:\aaaa\Application\Runtime\Cache\Home\dc21e6da2e1dbcec494898213c16ba46.php 第 172 行.
NOTIC: [8] Undefined index: goods_attr D:\aaaa\Application\Runtime\Cache\Home\dc21e6da2e1dbcec494898213c16ba46.php 第 172 行.
NOTIC: [8] Undefined index: goods_attr D:\aaaa\Application\Runtime\Cache\Home\dc21e6da2e1dbcec494898213c16ba46.php 第 172 行.
NOTIC: [8] Undefined index: goods_attr D:\aaaa\Application\Runtime\Cache\Home\dc21e6da2e1dbcec494898213c16ba46.php 第 172 行.
INFO: Run Behavior\ParseTemplateBehavior [ RunTime:0.044547s ]
INFO: [ view_parse ] --END-- [ RunTime:0.044583s ]
INFO: [ view_filter ] --START--
INFO: Run Behavior\WriteHtmlCacheBehavior [ RunTime:0.000234s ]
INFO: [ view_filter ] --END-- [ RunTime:0.000260s ]
INFO: [ app_end ] --START--
INFO: Run Behavior\ShowPageTraceBehavior [ RunTime:0.000570s ]
INFO: [ app_end ] --END-- [ RunTime:0.000623s ]

[ 2017-07-01T10:09:34+08:00 ] 127.0.0.1 /index.php/Home/Cart/ajaxgetnum
INFO: [ app_init ] --START--
INFO: Run Behavior\BuildLiteBehavior [ RunTime:0.000010s ]
INFO: [ app_init ] --END-- [ RunTime:0.000293s ]
INFO: [ app_begin ] --START--
INFO: Run Behavior\ReadHtmlCacheBehavior [ RunTime:0.000401s ]
INFO: [ app_begin ] --END-- [ RunTime:0.000434s ]
SQL: SHOW COLUMNS FROM `tpshop_cart` [ RunTime:0.0746s ]
NOTIC: [8] Undefined variable: return D:\aaaa\Application\Home\Model\CartModel.class.php 第 90 行.
NOTIC: [2] Invalid argument supplied for foreach() D:\aaaa\Application\Home\Model\CartModel.class.php 第 99 行.

