[ 2017-09-09T17:21:37+08:00 ] 127.0.0.1 /
INFO: [ app_init ] --START--
INFO: Run Behavior\BuildLiteBehavior [ RunTime:0.000013s ]
INFO: [ app_init ] --END-- [ RunTime:0.022128s ]
INFO: [ app_begin ] --START--
INFO: Run Behavior\ReadHtmlCacheBehavior [ RunTime:0.015449s ]
INFO: [ app_begin ] --END-- [ RunTime:0.015495s ]
SQL: SHOW COLUMNS FROM `tpshop_category` [ RunTime:0.1735s ]
SQL: SELECT * FROM `tpshop_category`  [ RunTime:0.0011s ]
SQL: SELECT * FROM `tpshop_category` WHERE `id` = 23 LIMIT 1   [ RunTime:0.0008s ]
SQL: SHOW COLUMNS FROM `tpshop_goods` [ RunTime:0.0158s ]
SQL: SELECT * FROM `tpshop_goods` WHERE ( cate_id = 23 ) LIMIT 5   [ RunTime:0.0009s ]
SQL: SELECT * FROM `tpshop_category` WHERE `id` = 28 LIMIT 1   [ RunTime:0.0002s ]
SQL: SELECT * FROM `tpshop_goods` WHERE ( cate_id = 28 ) LIMIT 5   [ RunTime:0.0002s ]
SQL: SELECT * FROM `tpshop_category` WHERE `id` = 37 LIMIT 1   [ RunTime:0.0002s ]
SQL: SELECT * FROM `tpshop_goods` WHERE ( cate_id = 37 ) LIMIT 5   [ RunTime:0.0002s ]
INFO: [ view_parse ] --START--
INFO: [ template_filter ] --START--
INFO: Run Behavior\ContentReplaceBehavior [ RunTime:0.000587s ]
INFO: [ template_filter ] --END-- [ RunTime:0.000626s ]
NOTIC: [8] Undefined index: user_info D:\www\www\Application\Runtime\Cache\Home\2a94b8bda04ff446dcedd42276fc99ee.php 第 28 行.
INFO: Run Behavior\ParseTemplateBehavior [ RunTime:0.366840s ]
INFO: [ view_parse ] --END-- [ RunTime:0.366873s ]
INFO: [ view_filter ] --START--
INFO: Run Behavior\WriteHtmlCacheBehavior [ RunTime:0.024747s ]
INFO: [ view_filter ] --END-- [ RunTime:0.024782s ]
INFO: [ app_end ] --START--
INFO: Run Behavior\ShowPageTraceBehavior [ RunTime:0.029799s ]
INFO: [ app_end ] --END-- [ RunTime:0.029859s ]

[ 2017-09-09T17:21:40+08:00 ] 127.0.0.1 /index.php/Home/Cart/ajaxgetnum
INFO: [ app_init ] --START--
INFO: Run Behavior\BuildLiteBehavior [ RunTime:0.000016s ]
INFO: [ app_init ] --END-- [ RunTime:0.000392s ]
INFO: [ app_begin ] --START--
INFO: Run Behavior\ReadHtmlCacheBehavior [ RunTime:0.000422s ]
INFO: [ app_begin ] --END-- [ RunTime:0.000469s ]
NOTIC: [2] session_start(): Cannot send session cache limiter - headers already sent D:\www\www\ThinkPHP\Common\functions.php 第 1263 行.
SQL: SHOW COLUMNS FROM `tpshop_cart` [ RunTime:0.1870s ]
NOTIC: [8] Undefined variable: return D:\www\www\Application\Home\Model\CartModel.class.php 第 90 行.
NOTIC: [2] Invalid argument supplied for foreach() D:\www\www\Application\Home\Model\CartModel.class.php 第 99 行.
NOTIC: [2] Cannot modify header information - headers already sent D:\www\www\ThinkPHP\Library\Think\Controller.class.php 第 215 行.

[ 2017-09-09T22:24:13+08:00 ] 127.0.0.1 /
INFO: [ app_init ] --START--
INFO: Run Behavior\BuildLiteBehavior [ RunTime:0.000007s ]
INFO: [ app_init ] --END-- [ RunTime:0.000372s ]
INFO: [ app_begin ] --START--
INFO: Run Behavior\ReadHtmlCacheBehavior [ RunTime:0.000375s ]
INFO: [ app_begin ] --END-- [ RunTime:0.000464s ]
SQL: SHOW COLUMNS FROM `tpshop_category` [ RunTime:0.0179s ]
SQL: SELECT * FROM `tpshop_category`  [ RunTime:0.0009s ]
SQL: SELECT * FROM `tpshop_category` WHERE `id` = 23 LIMIT 1   [ RunTime:0.0003s ]
SQL: SHOW COLUMNS FROM `tpshop_goods` [ RunTime:0.0856s ]
SQL: SELECT * FROM `tpshop_goods` WHERE ( cate_id = 23 ) LIMIT 5   [ RunTime:0.0005s ]
SQL: SELECT * FROM `tpshop_category` WHERE `id` = 28 LIMIT 1   [ RunTime:0.0002s ]
SQL: SELECT * FROM `tpshop_goods` WHERE ( cate_id = 28 ) LIMIT 5   [ RunTime:0.0002s ]
SQL: SELECT * FROM `tpshop_category` WHERE `id` = 37 LIMIT 1   [ RunTime:0.0001s ]
SQL: SELECT * FROM `tpshop_goods` WHERE ( cate_id = 37 ) LIMIT 5   [ RunTime:0.0002s ]
INFO: [ view_parse ] --START--
INFO: [ template_filter ] --START--
INFO: Run Behavior\ContentReplaceBehavior [ RunTime:0.000166s ]
INFO: [ template_filter ] --END-- [ RunTime:0.000197s ]
NOTIC: [8] Undefined index: user_info D:\www\www\Application\Runtime\Cache\Home\2a94b8bda04ff446dcedd42276fc99ee.php 第 28 行.
INFO: Run Behavior\ParseTemplateBehavior [ RunTime:0.200723s ]
INFO: [ view_parse ] --END-- [ RunTime:0.200755s ]
INFO: [ view_filter ] --START--
INFO: Run Behavior\WriteHtmlCacheBehavior [ RunTime:0.000312s ]
INFO: [ view_filter ] --END-- [ RunTime:0.000336s ]
INFO: [ app_end ] --START--
INFO: Run Behavior\ShowPageTraceBehavior [ RunTime:0.000865s ]
INFO: [ app_end ] --END-- [ RunTime:0.000927s ]

[ 2017-09-09T22:24:15+08:00 ] 127.0.0.1 /index.php/Home/Cart/ajaxgetnum
INFO: [ app_init ] --START--
INFO: Run Behavior\BuildLiteBehavior [ RunTime:0.000008s ]
INFO: [ app_init ] --END-- [ RunTime:0.000293s ]
INFO: [ app_begin ] --START--
INFO: Run Behavior\ReadHtmlCacheBehavior [ RunTime:0.000394s ]
INFO: [ app_begin ] --END-- [ RunTime:0.000435s ]
NOTIC: [2] session_start(): Cannot send session cache limiter - headers already sent D:\www\www\ThinkPHP\Common\functions.php 第 1263 行.
SQL: SHOW COLUMNS FROM `tpshop_cart` [ RunTime:0.1032s ]
NOTIC: [8] Undefined variable: return D:\www\www\Application\Home\Model\CartModel.class.php 第 90 行.
NOTIC: [2] Invalid argument supplied for foreach() D:\www\www\Application\Home\Model\CartModel.class.php 第 99 行.
NOTIC: [2] Cannot modify header information - headers already sent D:\www\www\ThinkPHP\Library\Think\Controller.class.php 第 215 行.

[ 2017-09-09T22:25:18+08:00 ] 127.0.0.1 /
INFO: [ app_init ] --START--
INFO: Run Behavior\BuildLiteBehavior [ RunTime:0.000008s ]
INFO: [ app_init ] --END-- [ RunTime:0.000275s ]
INFO: [ app_begin ] --START--
INFO: Run Behavior\ReadHtmlCacheBehavior [ RunTime:0.000314s ]
INFO: [ app_begin ] --END-- [ RunTime:0.000342s ]
SQL: SHOW COLUMNS FROM `tpshop_category` [ RunTime:0.0933s ]
SQL: SELECT * FROM `tpshop_category`  [ RunTime:0.0004s ]
SQL: SELECT * FROM `tpshop_category` WHERE `id` = 23 LIMIT 1   [ RunTime:0.0002s ]
SQL: SHOW COLUMNS FROM `tpshop_goods` [ RunTime:0.0110s ]
SQL: SELECT * FROM `tpshop_goods` WHERE ( cate_id = 23 ) LIMIT 5   [ RunTime:0.0007s ]
SQL: SELECT * FROM `tpshop_category` WHERE `id` = 28 LIMIT 1   [ RunTime:0.0002s ]
SQL: SELECT * FROM `tpshop_goods` WHERE ( cate_id = 28 ) LIMIT 5   [ RunTime:0.0003s ]
SQL: SELECT * FROM `tpshop_category` WHERE `id` = 37 LIMIT 1   [ RunTime:0.0002s ]
SQL: SELECT * FROM `tpshop_goods` WHERE ( cate_id = 37 ) LIMIT 5   [ RunTime:0.0003s ]
INFO: [ view_parse ] --START--
INFO: [ template_filter ] --START--
INFO: Run Behavior\ContentReplaceBehavior [ RunTime:0.000162s ]
INFO: [ template_filter ] --END-- [ RunTime:0.000210s ]
NOTIC: [8] Undefined index: user_info D:\www\www\Application\Runtime\Cache\Home\2a94b8bda04ff446dcedd42276fc99ee.php 第 28 行.
INFO: Run Behavior\ParseTemplateBehavior [ RunTime:0.100730s ]
INFO: [ view_parse ] --END-- [ RunTime:0.100781s ]
INFO: [ view_filter ] --START--
INFO: Run Behavior\WriteHtmlCacheBehavior [ RunTime:0.000362s ]
INFO: [ view_filter ] --END-- [ RunTime:0.000388s ]
INFO: [ app_end ] --START--
INFO: Run Behavior\ShowPageTraceBehavior [ RunTime:0.000699s ]
INFO: [ app_end ] --END-- [ RunTime:0.000747s ]

[ 2017-09-09T22:25:19+08:00 ] 127.0.0.1 /index.php/Home/Cart/ajaxgetnum
INFO: [ app_init ] --START--
INFO: Run Behavior\BuildLiteBehavior [ RunTime:0.000014s ]
INFO: [ app_init ] --END-- [ RunTime:0.000404s ]
INFO: [ app_begin ] --START--
INFO: Run Behavior\ReadHtmlCacheBehavior [ RunTime:0.001112s ]
INFO: [ app_begin ] --END-- [ RunTime:0.001368s ]
NOTIC: [2] session_start(): Cannot send session cache limiter - headers already sent D:\www\www\ThinkPHP\Common\functions.php 第 1263 行.
SQL: SHOW COLUMNS FROM `tpshop_cart` [ RunTime:0.0137s ]
NOTIC: [8] Undefined variable: return D:\www\www\Application\Home\Model\CartModel.class.php 第 90 行.
NOTIC: [2] Invalid argument supplied for foreach() D:\www\www\Application\Home\Model\CartModel.class.php 第 99 行.
NOTIC: [2] Cannot modify header information - headers already sent D:\www\www\ThinkPHP\Library\Think\Controller.class.php 第 215 行.

