[ 2017-06-30T08:57:55+08:00 ] 127.0.0.1 /
INFO: [ app_init ] --START--
INFO: Run Behavior\BuildLiteBehavior [ RunTime:0.000017s ]
INFO: [ app_init ] --END-- [ RunTime:0.166191s ]
INFO: [ app_begin ] --START--
INFO: Run Behavior\ReadHtmlCacheBehavior [ RunTime:0.060694s ]
INFO: [ app_begin ] --END-- [ RunTime:0.060777s ]
SQL: SHOW COLUMNS FROM `tpshop_category` [ RunTime:0.2041s ]
SQL: SELECT * FROM `tpshop_category`  [ RunTime:0.0004s ]
SQL: SELECT * FROM `tpshop_category` WHERE `id` = 23 LIMIT 1   [ RunTime:0.0206s ]
SQL: SHOW COLUMNS FROM `tpshop_goods` [ RunTime:0.0828s ]
SQL: SELECT * FROM `tpshop_goods` WHERE ( cate_id = 23 ) LIMIT 5   [ RunTime:0.0003s ]
SQL: SELECT * FROM `tpshop_category` WHERE `id` = 28 LIMIT 1   [ RunTime:0.0002s ]
SQL: SELECT * FROM `tpshop_goods` WHERE ( cate_id = 28 ) LIMIT 5   [ RunTime:0.0002s ]
SQL: SELECT * FROM `tpshop_category` WHERE `id` = 37 LIMIT 1   [ RunTime:0.0001s ]
SQL: SELECT * FROM `tpshop_goods` WHERE ( cate_id = 37 ) LIMIT 5   [ RunTime:0.0002s ]
INFO: [ view_parse ] --START--
INFO: [ template_filter ] --START--
INFO: Run Behavior\ContentReplaceBehavior [ RunTime:0.111327s ]
INFO: [ template_filter ] --END-- [ RunTime:0.111383s ]
NOTIC: [8] Undefined index: user_info D:\aaaa\Application\Runtime\Cache\Home\2a94b8bda04ff446dcedd42276fc99ee.php 第 28 行.
INFO: Run Behavior\ParseTemplateBehavior [ RunTime:0.538815s ]
INFO: [ view_parse ] --END-- [ RunTime:0.538875s ]
INFO: [ view_filter ] --START--
INFO: Run Behavior\WriteHtmlCacheBehavior [ RunTime:0.029459s ]
INFO: [ view_filter ] --END-- [ RunTime:0.029500s ]
INFO: [ app_end ] --START--
INFO: Run Behavior\ShowPageTraceBehavior [ RunTime:0.058199s ]
INFO: [ app_end ] --END-- [ RunTime:0.058260s ]

[ 2017-06-30T08:57:57+08:00 ] 127.0.0.1 /index.php/Home/Cart/ajaxgetnum
INFO: [ app_init ] --START--
INFO: Run Behavior\BuildLiteBehavior [ RunTime:0.000065s ]
INFO: [ app_init ] --END-- [ RunTime:0.000698s ]
INFO: [ app_begin ] --START--
INFO: Run Behavior\ReadHtmlCacheBehavior [ RunTime:0.000856s ]
INFO: [ app_begin ] --END-- [ RunTime:0.000940s ]
SQL: SHOW COLUMNS FROM `tpshop_cart` [ RunTime:0.0309s ]
NOTIC: [8] Undefined variable: return D:\aaaa\Application\Home\Model\CartModel.class.php 第 90 行.
NOTIC: [2] Invalid argument supplied for foreach() D:\aaaa\Application\Home\Model\CartModel.class.php 第 99 行.

[ 2017-06-30T22:53:14+08:00 ] 127.0.0.1 /
INFO: [ app_init ] --START--
INFO: Run Behavior\BuildLiteBehavior [ RunTime:0.000037s ]
INFO: [ app_init ] --END-- [ RunTime:0.009734s ]
INFO: [ app_begin ] --START--
INFO: Run Behavior\ReadHtmlCacheBehavior [ RunTime:0.012465s ]
INFO: [ app_begin ] --END-- [ RunTime:0.012518s ]
SQL: SHOW COLUMNS FROM `tpshop_category` [ RunTime:0.0969s ]
SQL: SELECT * FROM `tpshop_category`  [ RunTime:0.0003s ]
SQL: SELECT * FROM `tpshop_category` WHERE `id` = 23 LIMIT 1   [ RunTime:0.0001s ]
SQL: SHOW COLUMNS FROM `tpshop_goods` [ RunTime:0.0663s ]
SQL: SELECT * FROM `tpshop_goods` WHERE ( cate_id = 23 ) LIMIT 5   [ RunTime:0.0003s ]
SQL: SELECT * FROM `tpshop_category` WHERE `id` = 28 LIMIT 1   [ RunTime:0.0001s ]
SQL: SELECT * FROM `tpshop_goods` WHERE ( cate_id = 28 ) LIMIT 5   [ RunTime:0.0002s ]
SQL: SELECT * FROM `tpshop_category` WHERE `id` = 37 LIMIT 1   [ RunTime:0.0001s ]
SQL: SELECT * FROM `tpshop_goods` WHERE ( cate_id = 37 ) LIMIT 5   [ RunTime:0.0002s ]
INFO: [ view_parse ] --START--
INFO: [ template_filter ] --START--
INFO: Run Behavior\ContentReplaceBehavior [ RunTime:0.000161s ]
INFO: [ template_filter ] --END-- [ RunTime:0.000202s ]
NOTIC: [8] Undefined index: user_info D:\aaaa\Application\Runtime\Cache\Home\2a94b8bda04ff446dcedd42276fc99ee.php 第 28 行.
INFO: Run Behavior\ParseTemplateBehavior [ RunTime:0.222795s ]
INFO: [ view_parse ] --END-- [ RunTime:0.222866s ]
INFO: [ view_filter ] --START--
INFO: Run Behavior\WriteHtmlCacheBehavior [ RunTime:0.021974s ]
INFO: [ view_filter ] --END-- [ RunTime:0.022013s ]
INFO: [ app_end ] --START--
INFO: Run Behavior\ShowPageTraceBehavior [ RunTime:0.015981s ]
INFO: [ app_end ] --END-- [ RunTime:0.016039s ]

[ 2017-06-30T22:53:16+08:00 ] 127.0.0.1 /index.php/Home/Cart/ajaxgetnum
INFO: [ app_init ] --START--
INFO: Run Behavior\BuildLiteBehavior [ RunTime:0.000012s ]
INFO: [ app_init ] --END-- [ RunTime:0.000317s ]
INFO: [ app_begin ] --START--
INFO: Run Behavior\ReadHtmlCacheBehavior [ RunTime:0.000438s ]
INFO: [ app_begin ] --END-- [ RunTime:0.000475s ]
SQL: SHOW COLUMNS FROM `tpshop_cart` [ RunTime:0.0253s ]
NOTIC: [8] Undefined variable: return D:\aaaa\Application\Home\Model\CartModel.class.php 第 90 行.
NOTIC: [2] Invalid argument supplied for foreach() D:\aaaa\Application\Home\Model\CartModel.class.php 第 99 行.

[ 2017-06-30T22:53:20+08:00 ] 127.0.0.1 /index.php/Home/Cart/ajaxgetnum
INFO: [ app_init ] --START--
INFO: Run Behavior\BuildLiteBehavior [ RunTime:0.000014s ]
INFO: [ app_init ] --END-- [ RunTime:0.000331s ]
INFO: [ app_begin ] --START--
INFO: Run Behavior\ReadHtmlCacheBehavior [ RunTime:0.000419s ]
INFO: [ app_begin ] --END-- [ RunTime:0.000454s ]
SQL: SHOW COLUMNS FROM `tpshop_cart` [ RunTime:0.0114s ]
NOTIC: [8] Undefined variable: return D:\aaaa\Application\Home\Model\CartModel.class.php 第 90 行.
NOTIC: [2] Invalid argument supplied for foreach() D:\aaaa\Application\Home\Model\CartModel.class.php 第 99 行.

[ 2017-06-30T22:53:22+08:00 ] 127.0.0.1 /
INFO: [ app_init ] --START--
INFO: Run Behavior\BuildLiteBehavior [ RunTime:0.000011s ]
INFO: [ app_init ] --END-- [ RunTime:0.000294s ]
INFO: [ app_begin ] --START--
INFO: Run Behavior\ReadHtmlCacheBehavior [ RunTime:0.000433s ]
INFO: [ app_begin ] --END-- [ RunTime:0.000469s ]
SQL: SHOW COLUMNS FROM `tpshop_category` [ RunTime:0.0108s ]
SQL: SELECT * FROM `tpshop_category`  [ RunTime:0.0003s ]
SQL: SELECT * FROM `tpshop_category` WHERE `id` = 23 LIMIT 1   [ RunTime:0.0002s ]
SQL: SHOW COLUMNS FROM `tpshop_goods` [ RunTime:0.0108s ]
SQL: SELECT * FROM `tpshop_goods` WHERE ( cate_id = 23 ) LIMIT 5   [ RunTime:0.0003s ]
SQL: SELECT * FROM `tpshop_category` WHERE `id` = 28 LIMIT 1   [ RunTime:0.0001s ]
SQL: SELECT * FROM `tpshop_goods` WHERE ( cate_id = 28 ) LIMIT 5   [ RunTime:0.0002s ]
SQL: SELECT * FROM `tpshop_category` WHERE `id` = 37 LIMIT 1   [ RunTime:0.0001s ]
SQL: SELECT * FROM `tpshop_goods` WHERE ( cate_id = 37 ) LIMIT 5   [ RunTime:0.0002s ]
INFO: [ view_parse ] --START--
INFO: [ template_filter ] --START--
INFO: Run Behavior\ContentReplaceBehavior [ RunTime:0.000141s ]
INFO: [ template_filter ] --END-- [ RunTime:0.000175s ]
NOTIC: [8] Undefined index: user_info D:\aaaa\Application\Runtime\Cache\Home\2a94b8bda04ff446dcedd42276fc99ee.php 第 28 行.
INFO: Run Behavior\ParseTemplateBehavior [ RunTime:0.065544s ]
INFO: [ view_parse ] --END-- [ RunTime:0.065590s ]
INFO: [ view_filter ] --START--
INFO: Run Behavior\WriteHtmlCacheBehavior [ RunTime:0.000262s ]
INFO: [ view_filter ] --END-- [ RunTime:0.000290s ]
INFO: [ app_end ] --START--
INFO: Run Behavior\ShowPageTraceBehavior [ RunTime:0.000736s ]
INFO: [ app_end ] --END-- [ RunTime:0.000795s ]

[ 2017-06-30T22:53:24+08:00 ] 127.0.0.1 /index.php/Home/Cart/ajaxgetnum
INFO: [ app_init ] --START--
INFO: Run Behavior\BuildLiteBehavior [ RunTime:0.000019s ]
INFO: [ app_init ] --END-- [ RunTime:0.000389s ]
INFO: [ app_begin ] --START--
INFO: Run Behavior\ReadHtmlCacheBehavior [ RunTime:0.000539s ]
INFO: [ app_begin ] --END-- [ RunTime:0.000587s ]
SQL: SHOW COLUMNS FROM `tpshop_cart` [ RunTime:0.0174s ]
NOTIC: [8] Undefined variable: return D:\aaaa\Application\Home\Model\CartModel.class.php 第 90 行.
NOTIC: [2] Invalid argument supplied for foreach() D:\aaaa\Application\Home\Model\CartModel.class.php 第 99 行.

[ 2017-06-30T22:53:26+08:00 ] 127.0.0.1 /index.php/Home/Search/search?index_none_header_sysc=1
INFO: [ app_init ] --START--
INFO: Run Behavior\BuildLiteBehavior [ RunTime:0.000015s ]
INFO: [ app_init ] --END-- [ RunTime:0.000371s ]
INFO: [ app_begin ] --START--
INFO: Run Behavior\ReadHtmlCacheBehavior [ RunTime:0.000585s ]
INFO: [ app_begin ] --END-- [ RunTime:0.000626s ]
SQL: SHOW COLUMNS FROM `tpshop_goods` [ RunTime:0.0127s ]
SQL: SELECT * FROM `tpshop_goods` WHERE ( goods_name like '%1%' )  [ RunTime:0.0266s ]
INFO: [ view_parse ] --START--
INFO: [ template_filter ] --START--
INFO: Run Behavior\ContentReplaceBehavior [ RunTime:0.012387s ]
INFO: [ template_filter ] --END-- [ RunTime:0.012440s ]
NOTIC: [8] Undefined variable: title D:\aaaa\Application\Runtime\Cache\Home\dc21e6da2e1dbcec494898213c16ba46.php 第 7 行.
NOTIC: [8] Undefined index: user_info D:\aaaa\Application\Runtime\Cache\Home\dc21e6da2e1dbcec494898213c16ba46.php 第 28 行.
NOTIC: [8] Undefined index: goods_attr D:\aaaa\Application\Runtime\Cache\Home\dc21e6da2e1dbcec494898213c16ba46.php 第 172 行.
NOTIC: [8] Undefined index: goods_attr D:\aaaa\Application\Runtime\Cache\Home\dc21e6da2e1dbcec494898213c16ba46.php 第 172 行.
NOTIC: [8] Undefined index: goods_attr D:\aaaa\Application\Runtime\Cache\Home\dc21e6da2e1dbcec494898213c16ba46.php 第 172 行.
NOTIC: [8] Undefined index: goods_attr D:\aaaa\Application\Runtime\Cache\Home\dc21e6da2e1dbcec494898213c16ba46.php 第 172 行.
NOTIC: [8] Undefined index: goods_attr D:\aaaa\Application\Runtime\Cache\Home\dc21e6da2e1dbcec494898213c16ba46.php 第 172 行.
NOTIC: [8] Undefined index: goods_attr D:\aaaa\Application\Runtime\Cache\Home\dc21e6da2e1dbcec494898213c16ba46.php 第 172 行.
NOTIC: [8] Undefined index: goods_attr D:\aaaa\Application\Runtime\Cache\Home\dc21e6da2e1dbcec494898213c16ba46.php 第 172 行.
NOTIC: [8] Undefined index: goods_attr D:\aaaa\Application\Runtime\Cache\Home\dc21e6da2e1dbcec494898213c16ba46.php 第 172 行.
NOTIC: [8] Undefined index: goods_attr D:\aaaa\Application\Runtime\Cache\Home\dc21e6da2e1dbcec494898213c16ba46.php 第 172 行.
NOTIC: [8] Undefined index: goods_attr D:\aaaa\Application\Runtime\Cache\Home\dc21e6da2e1dbcec494898213c16ba46.php 第 172 行.
NOTIC: [8] Undefined index: goods_attr D:\aaaa\Application\Runtime\Cache\Home\dc21e6da2e1dbcec494898213c16ba46.php 第 172 行.
NOTIC: [8] Undefined index: goods_attr D:\aaaa\Application\Runtime\Cache\Home\dc21e6da2e1dbcec494898213c16ba46.php 第 172 行.
NOTIC: [8] Undefined index: goods_attr D:\aaaa\Application\Runtime\Cache\Home\dc21e6da2e1dbcec494898213c16ba46.php 第 172 行.
NOTIC: [8] Undefined index: goods_attr D:\aaaa\Application\Runtime\Cache\Home\dc21e6da2e1dbcec494898213c16ba46.php 第 172 行.
NOTIC: [8] Undefined index: goods_attr D:\aaaa\Application\Runtime\Cache\Home\dc21e6da2e1dbcec494898213c16ba46.php 第 172 行.
NOTIC: [8] Undefined index: goods_attr D:\aaaa\Application\Runtime\Cache\Home\dc21e6da2e1dbcec494898213c16ba46.php 第 172 行.
NOTIC: [8] Undefined index: goods_attr D:\aaaa\Application\Runtime\Cache\Home\dc21e6da2e1dbcec494898213c16ba46.php 第 172 行.
NOTIC: [8] Undefined index: goods_attr D:\aaaa\Application\Runtime\Cache\Home\dc21e6da2e1dbcec494898213c16ba46.php 第 172 行.
NOTIC: [8] Undefined index: goods_attr D:\aaaa\Application\Runtime\Cache\Home\dc21e6da2e1dbcec494898213c16ba46.php 第 172 行.
INFO: Run Behavior\ParseTemplateBehavior [ RunTime:0.074592s ]
INFO: [ view_parse ] --END-- [ RunTime:0.074640s ]
INFO: [ view_filter ] --START--
INFO: Run Behavior\WriteHtmlCacheBehavior [ RunTime:0.000382s ]
INFO: [ view_filter ] --END-- [ RunTime:0.000410s ]
INFO: [ app_end ] --START--
INFO: Run Behavior\ShowPageTraceBehavior [ RunTime:0.000562s ]
INFO: [ app_end ] --END-- [ RunTime:0.000595s ]

[ 2017-06-30T22:53:28+08:00 ] 127.0.0.1 /index.php/Home/Cart/ajaxgetnum
INFO: [ app_init ] --START--
INFO: Run Behavior\BuildLiteBehavior [ RunTime:0.000010s ]
INFO: [ app_init ] --END-- [ RunTime:0.000291s ]
INFO: [ app_begin ] --START--
INFO: Run Behavior\ReadHtmlCacheBehavior [ RunTime:0.000409s ]
INFO: [ app_begin ] --END-- [ RunTime:0.000442s ]
SQL: SHOW COLUMNS FROM `tpshop_cart` [ RunTime:0.0117s ]
NOTIC: [8] Undefined variable: return D:\aaaa\Application\Home\Model\CartModel.class.php 第 90 行.
NOTIC: [2] Invalid argument supplied for foreach() D:\aaaa\Application\Home\Model\CartModel.class.php 第 99 行.

[ 2017-06-30T22:53:59+08:00 ] 127.0.0.1 /index.php/Home/Search/search?index_none_header_sysc=12
INFO: [ app_init ] --START--
INFO: Run Behavior\BuildLiteBehavior [ RunTime:0.000011s ]
INFO: [ app_init ] --END-- [ RunTime:0.000294s ]
INFO: [ app_begin ] --START--
INFO: Run Behavior\ReadHtmlCacheBehavior [ RunTime:0.000404s ]
INFO: [ app_begin ] --END-- [ RunTime:0.000439s ]
SQL: SHOW COLUMNS FROM `tpshop_goods` [ RunTime:0.0128s ]
SQL: SELECT * FROM `tpshop_goods` WHERE ( goods_name like '%12%' )  [ RunTime:0.0003s ]
INFO: [ view_parse ] --START--
INFO: [ template_filter ] --START--
INFO: Run Behavior\ContentReplaceBehavior [ RunTime:0.000135s ]
INFO: [ template_filter ] --END-- [ RunTime:0.000188s ]
NOTIC: [8] Undefined variable: title D:\aaaa\Application\Runtime\Cache\Home\dc21e6da2e1dbcec494898213c16ba46.php 第 7 行.
NOTIC: [8] Undefined index: user_info D:\aaaa\Application\Runtime\Cache\Home\dc21e6da2e1dbcec494898213c16ba46.php 第 28 行.
NOTIC: [8] Undefined index: goods_attr D:\aaaa\Application\Runtime\Cache\Home\dc21e6da2e1dbcec494898213c16ba46.php 第 172 行.
INFO: Run Behavior\ParseTemplateBehavior [ RunTime:0.068995s ]
INFO: [ view_parse ] --END-- [ RunTime:0.069028s ]
INFO: [ view_filter ] --START--
INFO: Run Behavior\WriteHtmlCacheBehavior [ RunTime:0.000228s ]
INFO: [ view_filter ] --END-- [ RunTime:0.000254s ]
INFO: [ app_end ] --START--
INFO: Run Behavior\ShowPageTraceBehavior [ RunTime:0.000619s ]
INFO: [ app_end ] --END-- [ RunTime:0.000666s ]

[ 2017-06-30T22:54:00+08:00 ] 127.0.0.1 /index.php/Home/Cart/ajaxgetnum
INFO: [ app_init ] --START--
INFO: Run Behavior\BuildLiteBehavior [ RunTime:0.000017s ]
INFO: [ app_init ] --END-- [ RunTime:0.000459s ]
INFO: [ app_begin ] --START--
INFO: Run Behavior\ReadHtmlCacheBehavior [ RunTime:0.000608s ]
INFO: [ app_begin ] --END-- [ RunTime:0.000647s ]
SQL: SHOW COLUMNS FROM `tpshop_cart` [ RunTime:0.0151s ]
NOTIC: [8] Undefined variable: return D:\aaaa\Application\Home\Model\CartModel.class.php 第 90 行.
NOTIC: [2] Invalid argument supplied for foreach() D:\aaaa\Application\Home\Model\CartModel.class.php 第 99 行.

[ 2017-06-30T22:59:48+08:00 ] 127.0.0.1 /
INFO: [ app_init ] --START--
INFO: Run Behavior\BuildLiteBehavior [ RunTime:0.000032s ]
INFO: [ app_init ] --END-- [ RunTime:0.053637s ]
INFO: [ app_begin ] --START--
INFO: Run Behavior\ReadHtmlCacheBehavior [ RunTime:0.012557s ]
INFO: [ app_begin ] --END-- [ RunTime:0.012613s ]
SQL: SHOW COLUMNS FROM `tpshop_category` [ RunTime:0.0101s ]
SQL: SELECT * FROM `tpshop_category`  [ RunTime:0.0003s ]
SQL: SELECT * FROM `tpshop_category` WHERE `id` = 23 LIMIT 1   [ RunTime:0.0001s ]
SQL: SHOW COLUMNS FROM `tpshop_goods` [ RunTime:0.0113s ]
SQL: SELECT * FROM `tpshop_goods` WHERE ( cate_id = 23 ) LIMIT 5   [ RunTime:0.0003s ]
SQL: SELECT * FROM `tpshop_category` WHERE `id` = 28 LIMIT 1   [ RunTime:0.0001s ]
SQL: SELECT * FROM `tpshop_goods` WHERE ( cate_id = 28 ) LIMIT 5   [ RunTime:0.0002s ]
SQL: SELECT * FROM `tpshop_category` WHERE `id` = 37 LIMIT 1   [ RunTime:0.0001s ]
SQL: SELECT * FROM `tpshop_goods` WHERE ( cate_id = 37 ) LIMIT 5   [ RunTime:0.0002s ]
INFO: [ view_parse ] --START--
INFO: [ template_filter ] --START--
INFO: Run Behavior\ContentReplaceBehavior [ RunTime:0.010607s ]
INFO: [ template_filter ] --END-- [ RunTime:0.010656s ]
NOTIC: [8] Undefined index: user_info D:\aaaa\Application\Runtime\Cache\Home\2a94b8bda04ff446dcedd42276fc99ee.php 第 28 行.
INFO: Run Behavior\ParseTemplateBehavior [ RunTime:0.354994s ]
INFO: [ view_parse ] --END-- [ RunTime:0.355039s ]
INFO: [ view_filter ] --START--
INFO: Run Behavior\WriteHtmlCacheBehavior [ RunTime:0.011887s ]
INFO: [ view_filter ] --END-- [ RunTime:0.011924s ]
INFO: [ app_end ] --START--
INFO: Run Behavior\ShowPageTraceBehavior [ RunTime:0.043685s ]
INFO: [ app_end ] --END-- [ RunTime:0.043741s ]

[ 2017-06-30T22:59:51+08:00 ] 127.0.0.1 /index.php/Home/Cart/ajaxgetnum
INFO: [ app_init ] --START--
INFO: Run Behavior\BuildLiteBehavior [ RunTime:0.000014s ]
INFO: [ app_init ] --END-- [ RunTime:0.000467s ]
INFO: [ app_begin ] --START--
INFO: Run Behavior\ReadHtmlCacheBehavior [ RunTime:0.000640s ]
INFO: [ app_begin ] --END-- [ RunTime:0.000683s ]
SQL: SHOW COLUMNS FROM `tpshop_cart` [ RunTime:0.0140s ]
NOTIC: [8] Undefined variable: return D:\aaaa\Application\Home\Model\CartModel.class.php 第 90 行.
NOTIC: [2] Invalid argument supplied for foreach() D:\aaaa\Application\Home\Model\CartModel.class.php 第 99 行.

[ 2017-06-30T23:00:05+08:00 ] 127.0.0.1 /index.php/Home/Search/search?index_none_header_sysc=12
INFO: [ app_init ] --START--
INFO: Run Behavior\BuildLiteBehavior [ RunTime:0.000009s ]
INFO: [ app_init ] --END-- [ RunTime:0.000347s ]
INFO: [ app_begin ] --START--
INFO: Run Behavior\ReadHtmlCacheBehavior [ RunTime:0.000562s ]
INFO: [ app_begin ] --END-- [ RunTime:0.000598s ]
SQL: SHOW COLUMNS FROM `tpshop_goods` [ RunTime:0.0126s ]
SQL: SELECT * FROM `tpshop_goods` WHERE ( goods_name like '%12%' )  [ RunTime:0.0003s ]
INFO: [ view_parse ] --START--
INFO: [ template_filter ] --START--
INFO: Run Behavior\ContentReplaceBehavior [ RunTime:0.000129s ]
INFO: [ template_filter ] --END-- [ RunTime:0.000166s ]
NOTIC: [8] Undefined variable: title D:\aaaa\Application\Runtime\Cache\Home\dc21e6da2e1dbcec494898213c16ba46.php 第 7 行.
NOTIC: [8] Undefined index: user_info D:\aaaa\Application\Runtime\Cache\Home\dc21e6da2e1dbcec494898213c16ba46.php 第 28 行.
NOTIC: [8] Undefined index: goods_attr D:\aaaa\Application\Runtime\Cache\Home\dc21e6da2e1dbcec494898213c16ba46.php 第 172 行.
INFO: Run Behavior\ParseTemplateBehavior [ RunTime:0.069107s ]
INFO: [ view_parse ] --END-- [ RunTime:0.069142s ]
INFO: [ view_filter ] --START--
INFO: Run Behavior\WriteHtmlCacheBehavior [ RunTime:0.000363s ]
INFO: [ view_filter ] --END-- [ RunTime:0.000389s ]
INFO: [ app_end ] --START--
INFO: Run Behavior\ShowPageTraceBehavior [ RunTime:0.000855s ]
INFO: [ app_end ] --END-- [ RunTime:0.000902s ]

[ 2017-06-30T23:00:06+08:00 ] 127.0.0.1 /index.php/Home/Cart/ajaxgetnum
INFO: [ app_init ] --START--
INFO: Run Behavior\BuildLiteBehavior [ RunTime:0.000010s ]
INFO: [ app_init ] --END-- [ RunTime:0.000285s ]
INFO: [ app_begin ] --START--
INFO: Run Behavior\ReadHtmlCacheBehavior [ RunTime:0.000396s ]
INFO: [ app_begin ] --END-- [ RunTime:0.000428s ]
SQL: SHOW COLUMNS FROM `tpshop_cart` [ RunTime:0.0132s ]
NOTIC: [8] Undefined variable: return D:\aaaa\Application\Home\Model\CartModel.class.php 第 90 行.
NOTIC: [2] Invalid argument supplied for foreach() D:\aaaa\Application\Home\Model\CartModel.class.php 第 99 行.

[ 2017-06-30T23:01:04+08:00 ] 127.0.0.1 /
INFO: [ app_init ] --START--
INFO: Run Behavior\BuildLiteBehavior [ RunTime:0.000011s ]
INFO: [ app_init ] --END-- [ RunTime:0.000348s ]
INFO: [ app_begin ] --START--
INFO: Run Behavior\ReadHtmlCacheBehavior [ RunTime:0.000562s ]
INFO: [ app_begin ] --END-- [ RunTime:0.000598s ]
SQL: SHOW COLUMNS FROM `tpshop_category` [ RunTime:0.0122s ]
SQL: SELECT * FROM `tpshop_category`  [ RunTime:0.0003s ]
SQL: SELECT * FROM `tpshop_category` WHERE `id` = 23 LIMIT 1   [ RunTime:0.0001s ]
SQL: SHOW COLUMNS FROM `tpshop_goods` [ RunTime:0.0122s ]
SQL: SELECT * FROM `tpshop_goods` WHERE ( cate_id = 23 ) LIMIT 5   [ RunTime:0.0003s ]
SQL: SELECT * FROM `tpshop_category` WHERE `id` = 28 LIMIT 1   [ RunTime:0.0001s ]
SQL: SELECT * FROM `tpshop_goods` WHERE ( cate_id = 28 ) LIMIT 5   [ RunTime:0.0002s ]
SQL: SELECT * FROM `tpshop_category` WHERE `id` = 37 LIMIT 1   [ RunTime:0.0001s ]
SQL: SELECT * FROM `tpshop_goods` WHERE ( cate_id = 37 ) LIMIT 5   [ RunTime:0.0002s ]
INFO: [ view_parse ] --START--
INFO: [ template_filter ] --START--
INFO: Run Behavior\ContentReplaceBehavior [ RunTime:0.000156s ]
INFO: [ template_filter ] --END-- [ RunTime:0.000206s ]
NOTIC: [8] Undefined index: user_info D:\aaaa\Application\Runtime\Cache\Home\2a94b8bda04ff446dcedd42276fc99ee.php 第 28 行.
INFO: Run Behavior\ParseTemplateBehavior [ RunTime:0.099041s ]
INFO: [ view_parse ] --END-- [ RunTime:0.099097s ]
INFO: [ view_filter ] --START--
INFO: Run Behavior\WriteHtmlCacheBehavior [ RunTime:0.000378s ]
INFO: [ view_filter ] --END-- [ RunTime:0.000405s ]
INFO: [ app_end ] --START--
INFO: Run Behavior\ShowPageTraceBehavior [ RunTime:0.001044s ]
INFO: [ app_end ] --END-- [ RunTime:0.001107s ]

[ 2017-06-30T23:01:06+08:00 ] 127.0.0.1 /index.php/Home/Cart/ajaxgetnum
INFO: [ app_init ] --START--
INFO: Run Behavior\BuildLiteBehavior [ RunTime:0.000015s ]
INFO: [ app_init ] --END-- [ RunTime:0.000309s ]
INFO: [ app_begin ] --START--
INFO: Run Behavior\ReadHtmlCacheBehavior [ RunTime:0.000537s ]
INFO: [ app_begin ] --END-- [ RunTime:0.000585s ]
SQL: SHOW COLUMNS FROM `tpshop_cart` [ RunTime:0.0511s ]
NOTIC: [8] Undefined variable: return D:\aaaa\Application\Home\Model\CartModel.class.php 第 90 行.
NOTIC: [2] Invalid argument supplied for foreach() D:\aaaa\Application\Home\Model\CartModel.class.php 第 99 行.

[ 2017-06-30T23:04:39+08:00 ] 127.0.0.1 /index.php/Home/Cart/ajaxgetnum
INFO: [ app_init ] --START--
INFO: Run Behavior\BuildLiteBehavior [ RunTime:0.000012s ]
INFO: [ app_init ] --END-- [ RunTime:0.000372s ]
INFO: [ app_begin ] --START--
INFO: Run Behavior\ReadHtmlCacheBehavior [ RunTime:0.000592s ]
INFO: [ app_begin ] --END-- [ RunTime:0.000627s ]
SQL: SHOW COLUMNS FROM `tpshop_cart` [ RunTime:0.0117s ]
NOTIC: [8] Undefined variable: return D:\aaaa\Application\Home\Model\CartModel.class.php 第 90 行.
NOTIC: [2] Invalid argument supplied for foreach() D:\aaaa\Application\Home\Model\CartModel.class.php 第 99 行.

[ 2017-06-30T23:08:47+08:00 ] 127.0.0.1 /index.php/Home/Cart/ajaxgetnum
INFO: [ app_init ] --START--
INFO: Run Behavior\BuildLiteBehavior [ RunTime:0.000016s ]
INFO: [ app_init ] --END-- [ RunTime:0.007834s ]
INFO: [ app_begin ] --START--
INFO: Run Behavior\ReadHtmlCacheBehavior [ RunTime:0.011363s ]
INFO: [ app_begin ] --END-- [ RunTime:0.011412s ]
SQL: SHOW COLUMNS FROM `tpshop_cart` [ RunTime:0.0116s ]
NOTIC: [8] Undefined variable: return D:\aaaa\Application\Home\Model\CartModel.class.php 第 90 行.
NOTIC: [2] Invalid argument supplied for foreach() D:\aaaa\Application\Home\Model\CartModel.class.php 第 99 行.

