[ 2017-09-05T22:31:09+08:00 ] 127.0.0.1 /
INFO: [ app_init ] --START--
INFO: Run Behavior\BuildLiteBehavior [ RunTime:0.000011s ]
INFO: [ app_init ] --END-- [ RunTime:0.009590s ]
INFO: [ app_begin ] --START--
INFO: Run Behavior\ReadHtmlCacheBehavior [ RunTime:0.014979s ]
INFO: [ app_begin ] --END-- [ RunTime:0.015027s ]
SQL: SHOW COLUMNS FROM `tpshop_category` [ RunTime:0.0560s ]
SQL: SELECT * FROM `tpshop_category`  [ RunTime:0.0003s ]
SQL: SELECT * FROM `tpshop_category` WHERE `id` = 23 LIMIT 1   [ RunTime:0.0002s ]
SQL: SHOW COLUMNS FROM `tpshop_goods` [ RunTime:0.0178s ]
SQL: SELECT * FROM `tpshop_goods` WHERE ( cate_id = 23 ) LIMIT 5   [ RunTime:0.0006s ]
SQL: SELECT * FROM `tpshop_category` WHERE `id` = 28 LIMIT 1   [ RunTime:0.0001s ]
SQL: SELECT * FROM `tpshop_goods` WHERE ( cate_id = 28 ) LIMIT 5   [ RunTime:0.0002s ]
SQL: SELECT * FROM `tpshop_category` WHERE `id` = 37 LIMIT 1   [ RunTime:0.0001s ]
SQL: SELECT * FROM `tpshop_goods` WHERE ( cate_id = 37 ) LIMIT 5   [ RunTime:0.0001s ]
INFO: [ view_parse ] --START--
INFO: [ template_filter ] --START--
INFO: Run Behavior\ContentReplaceBehavior [ RunTime:0.000172s ]
INFO: [ template_filter ] --END-- [ RunTime:0.000213s ]
NOTIC: [8] Undefined index: user_info D:\www\www\Application\Runtime\Cache\Home\2a94b8bda04ff446dcedd42276fc99ee.php 第 28 行.
INFO: Run Behavior\ParseTemplateBehavior [ RunTime:0.243156s ]
INFO: [ view_parse ] --END-- [ RunTime:0.243195s ]
INFO: [ view_filter ] --START--
INFO: Run Behavior\WriteHtmlCacheBehavior [ RunTime:0.009730s ]
INFO: [ view_filter ] --END-- [ RunTime:0.009764s ]
INFO: [ app_end ] --START--
INFO: Run Behavior\ShowPageTraceBehavior [ RunTime:0.017451s ]
INFO: [ app_end ] --END-- [ RunTime:0.017517s ]

[ 2017-09-05T22:31:10+08:00 ] 127.0.0.1 /index.php/Home/Cart/ajaxgetnum
INFO: [ app_init ] --START--
INFO: Run Behavior\BuildLiteBehavior [ RunTime:0.000010s ]
INFO: [ app_init ] --END-- [ RunTime:0.000404s ]
INFO: [ app_begin ] --START--
INFO: Run Behavior\ReadHtmlCacheBehavior [ RunTime:0.000322s ]
INFO: [ app_begin ] --END-- [ RunTime:0.000353s ]
NOTIC: [2] session_start(): Cannot send session cache limiter - headers already sent D:\www\www\ThinkPHP\Common\functions.php 第 1263 行.
SQL: SHOW COLUMNS FROM `tpshop_cart` [ RunTime:0.0454s ]
NOTIC: [8] Undefined variable: return D:\www\www\Application\Home\Model\CartModel.class.php 第 90 行.
NOTIC: [2] Invalid argument supplied for foreach() D:\www\www\Application\Home\Model\CartModel.class.php 第 99 行.
NOTIC: [2] Cannot modify header information - headers already sent D:\www\www\ThinkPHP\Library\Think\Controller.class.php 第 215 行.

