[ 2017-07-05T00:12:22+08:00 ] 127.0.0.1 /index.php/Admin/
INFO: [ app_init ] --START--
INFO: Run Behavior\BuildLiteBehavior [ RunTime:0.000010s ]
INFO: [ app_init ] --END-- [ RunTime:0.000297s ]
INFO: [ app_begin ] --START--
INFO: Run Behavior\ReadHtmlCacheBehavior [ RunTime:0.000412s ]
INFO: [ app_begin ] --END-- [ RunTime:0.000447s ]
INFO: [ view_parse ] --START--
INFO: [ template_filter ] --START--
INFO: Run Behavior\ContentReplaceBehavior [ RunTime:0.000033s ]
INFO: [ template_filter ] --END-- [ RunTime:0.000072s ]
INFO: Run Behavior\ParseTemplateBehavior [ RunTime:0.057309s ]
INFO: [ view_parse ] --END-- [ RunTime:0.057360s ]
INFO: [ view_filter ] --START--
INFO: Run Behavior\WriteHtmlCacheBehavior [ RunTime:0.000362s ]
INFO: [ view_filter ] --END-- [ RunTime:0.000390s ]

[ 2017-07-05T00:12:25+08:00 ] 127.0.0.1 /index.php/Admin/Login/login.html
INFO: [ app_init ] --START--
INFO: Run Behavior\BuildLiteBehavior [ RunTime:0.000012s ]
INFO: [ app_init ] --END-- [ RunTime:0.000421s ]
INFO: [ app_begin ] --START--
INFO: Run Behavior\ReadHtmlCacheBehavior [ RunTime:0.001282s ]
INFO: [ app_begin ] --END-- [ RunTime:0.001467s ]
INFO: [ view_parse ] --START--
INFO: [ template_filter ] --START--
INFO: Run Behavior\ContentReplaceBehavior [ RunTime:0.000040s ]
INFO: [ template_filter ] --END-- [ RunTime:0.000079s ]
INFO: Run Behavior\ParseTemplateBehavior [ RunTime:0.050567s ]
INFO: [ view_parse ] --END-- [ RunTime:0.050619s ]
INFO: [ view_filter ] --START--
INFO: Run Behavior\WriteHtmlCacheBehavior [ RunTime:0.000241s ]
INFO: [ view_filter ] --END-- [ RunTime:0.000270s ]
INFO: [ app_end ] --START--
INFO: Run Behavior\ShowPageTraceBehavior [ RunTime:0.000558s ]
INFO: [ app_end ] --END-- [ RunTime:0.000588s ]

[ 2017-07-05T00:12:25+08:00 ] 127.0.0.1 /index.php/Admin/Login/captcha
INFO: [ app_init ] --START--
INFO: Run Behavior\BuildLiteBehavior [ RunTime:0.000011s ]
INFO: [ app_init ] --END-- [ RunTime:0.000414s ]
INFO: [ app_begin ] --START--
INFO: Run Behavior\ReadHtmlCacheBehavior [ RunTime:0.000575s ]
INFO: [ app_begin ] --END-- [ RunTime:0.000611s ]
INFO: [ app_end ] --START--
INFO: Run Behavior\ShowPageTraceBehavior [ RunTime:0.000643s ]
INFO: [ app_end ] --END-- [ RunTime:0.000692s ]

[ 2017-07-05T00:12:32+08:00 ] 127.0.0.1 /index.php/Admin/Login/AjaxLogin
INFO: [ app_init ] --START--
INFO: Run Behavior\BuildLiteBehavior [ RunTime:0.000010s ]
INFO: [ app_init ] --END-- [ RunTime:0.000340s ]
INFO: [ app_begin ] --START--
INFO: Run Behavior\ReadHtmlCacheBehavior [ RunTime:0.000574s ]
INFO: [ app_begin ] --END-- [ RunTime:0.000609s ]
SQL: SHOW COLUMNS FROM `tpshop_manager` [ RunTime:0.0292s ]
SQL: SELECT * FROM `tpshop_manager` WHERE ( username='1' ) LIMIT 1   [ RunTime:0.0003s ]
ERR: 1146:Table 'shops.tpshop_error' doesn't exist
 [ SQL语句 ] : SHOW COLUMNS FROM `tpshop_error`
ERR: 1146:Table 'shops.tpshop_error' doesn't exist
 [ SQL语句 ] : SHOW COLUMNS FROM `tpshop_error`

[ 2017-07-05T00:12:36+08:00 ] 127.0.0.1 /index.php/Admin/Login/AjaxLogin
INFO: [ app_init ] --START--
INFO: Run Behavior\BuildLiteBehavior [ RunTime:0.000010s ]
INFO: [ app_init ] --END-- [ RunTime:0.000290s ]
INFO: [ app_begin ] --START--
INFO: Run Behavior\ReadHtmlCacheBehavior [ RunTime:0.000399s ]
INFO: [ app_begin ] --END-- [ RunTime:0.000431s ]
SQL: SHOW COLUMNS FROM `tpshop_manager` [ RunTime:0.0078s ]
SQL: SELECT * FROM `tpshop_manager` WHERE ( username='1' ) LIMIT 1   [ RunTime:0.0003s ]
ERR: 1146:Table 'shops.tpshop_error' doesn't exist
 [ SQL语句 ] : SHOW COLUMNS FROM `tpshop_error`
ERR: 1146:Table 'shops.tpshop_error' doesn't exist
 [ SQL语句 ] : SHOW COLUMNS FROM `tpshop_error`

[ 2017-07-05T00:12:37+08:00 ] 127.0.0.1 /index.php/Admin/Login/AjaxLogin
INFO: [ app_init ] --START--
INFO: Run Behavior\BuildLiteBehavior [ RunTime:0.000011s ]
INFO: [ app_init ] --END-- [ RunTime:0.000345s ]
INFO: [ app_begin ] --START--
INFO: Run Behavior\ReadHtmlCacheBehavior [ RunTime:0.000572s ]
INFO: [ app_begin ] --END-- [ RunTime:0.000605s ]
SQL: SHOW COLUMNS FROM `tpshop_manager` [ RunTime:0.0902s ]
SQL: SELECT * FROM `tpshop_manager` WHERE ( username='1' ) LIMIT 1   [ RunTime:0.0002s ]
ERR: 1146:Table 'shops.tpshop_error' doesn't exist
 [ SQL语句 ] : SHOW COLUMNS FROM `tpshop_error`
ERR: 1146:Table 'shops.tpshop_error' doesn't exist
 [ SQL语句 ] : SHOW COLUMNS FROM `tpshop_error`

[ 2017-07-05T00:12:38+08:00 ] 127.0.0.1 /index.php/Admin/Login/AjaxLogin
INFO: [ app_init ] --START--
INFO: Run Behavior\BuildLiteBehavior [ RunTime:0.000010s ]
INFO: [ app_init ] --END-- [ RunTime:0.000294s ]
INFO: [ app_begin ] --START--
INFO: Run Behavior\ReadHtmlCacheBehavior [ RunTime:0.000408s ]
INFO: [ app_begin ] --END-- [ RunTime:0.000440s ]
SQL: SHOW COLUMNS FROM `tpshop_manager` [ RunTime:0.0076s ]
SQL: SELECT * FROM `tpshop_manager` WHERE ( username='1' ) LIMIT 1   [ RunTime:0.0002s ]
ERR: 1146:Table 'shops.tpshop_error' doesn't exist
 [ SQL语句 ] : SHOW COLUMNS FROM `tpshop_error`
ERR: 1146:Table 'shops.tpshop_error' doesn't exist
 [ SQL语句 ] : SHOW COLUMNS FROM `tpshop_error`

[ 2017-07-05T00:12:39+08:00 ] 127.0.0.1 /index.php/Admin/Login/AjaxLogin
INFO: [ app_init ] --START--
INFO: Run Behavior\BuildLiteBehavior [ RunTime:0.000029s ]
INFO: [ app_init ] --END-- [ RunTime:0.000445s ]
INFO: [ app_begin ] --START--
INFO: Run Behavior\ReadHtmlCacheBehavior [ RunTime:0.000580s ]
INFO: [ app_begin ] --END-- [ RunTime:0.000645s ]
SQL: SHOW COLUMNS FROM `tpshop_manager` [ RunTime:0.0075s ]
SQL: SELECT * FROM `tpshop_manager` WHERE ( username='1' ) LIMIT 1   [ RunTime:0.0002s ]
ERR: 1146:Table 'shops.tpshop_error' doesn't exist
 [ SQL语句 ] : SHOW COLUMNS FROM `tpshop_error`
ERR: 1146:Table 'shops.tpshop_error' doesn't exist
 [ SQL语句 ] : SHOW COLUMNS FROM `tpshop_error`

[ 2017-07-05T00:12:40+08:00 ] 127.0.0.1 /index.php/Admin/Login/AjaxLogin
INFO: [ app_init ] --START--
INFO: Run Behavior\BuildLiteBehavior [ RunTime:0.000010s ]
INFO: [ app_init ] --END-- [ RunTime:0.000340s ]
INFO: [ app_begin ] --START--
INFO: Run Behavior\ReadHtmlCacheBehavior [ RunTime:0.000559s ]
INFO: [ app_begin ] --END-- [ RunTime:0.000593s ]
SQL: SHOW COLUMNS FROM `tpshop_manager` [ RunTime:0.0076s ]
SQL: SELECT * FROM `tpshop_manager` WHERE ( username='1' ) LIMIT 1   [ RunTime:0.0002s ]
ERR: 1146:Table 'shops.tpshop_error' doesn't exist
 [ SQL语句 ] : SHOW COLUMNS FROM `tpshop_error`
ERR: 1146:Table 'shops.tpshop_error' doesn't exist
 [ SQL语句 ] : SHOW COLUMNS FROM `tpshop_error`

[ 2017-07-05T00:12:41+08:00 ] 127.0.0.1 /index.php/Admin/Login/AjaxLogin
INFO: [ app_init ] --START--
INFO: Run Behavior\BuildLiteBehavior [ RunTime:0.000010s ]
INFO: [ app_init ] --END-- [ RunTime:0.000285s ]
INFO: [ app_begin ] --START--
INFO: Run Behavior\ReadHtmlCacheBehavior [ RunTime:0.000420s ]
INFO: [ app_begin ] --END-- [ RunTime:0.000453s ]
SQL: SHOW COLUMNS FROM `tpshop_manager` [ RunTime:0.0078s ]
SQL: SELECT * FROM `tpshop_manager` WHERE ( username='1' ) LIMIT 1   [ RunTime:0.0002s ]
ERR: 1146:Table 'shops.tpshop_error' doesn't exist
 [ SQL语句 ] : SHOW COLUMNS FROM `tpshop_error`
ERR: 1146:Table 'shops.tpshop_error' doesn't exist
 [ SQL语句 ] : SHOW COLUMNS FROM `tpshop_error`

[ 2017-07-05T00:12:42+08:00 ] 127.0.0.1 /index.php/Admin/Login/AjaxLogin
INFO: [ app_init ] --START--
INFO: Run Behavior\BuildLiteBehavior [ RunTime:0.000013s ]
INFO: [ app_init ] --END-- [ RunTime:0.000334s ]
INFO: [ app_begin ] --START--
INFO: Run Behavior\ReadHtmlCacheBehavior [ RunTime:0.000455s ]
INFO: [ app_begin ] --END-- [ RunTime:0.000495s ]
SQL: SHOW COLUMNS FROM `tpshop_manager` [ RunTime:0.0076s ]
SQL: SELECT * FROM `tpshop_manager` WHERE ( username='1' ) LIMIT 1   [ RunTime:0.0002s ]
ERR: 1146:Table 'shops.tpshop_error' doesn't exist
 [ SQL语句 ] : SHOW COLUMNS FROM `tpshop_error`
ERR: 1146:Table 'shops.tpshop_error' doesn't exist
 [ SQL语句 ] : SHOW COLUMNS FROM `tpshop_error`

[ 2017-07-05T00:12:43+08:00 ] 127.0.0.1 /index.php/Admin/Login/AjaxLogin
INFO: [ app_init ] --START--
INFO: Run Behavior\BuildLiteBehavior [ RunTime:0.000011s ]
INFO: [ app_init ] --END-- [ RunTime:0.000297s ]
INFO: [ app_begin ] --START--
INFO: Run Behavior\ReadHtmlCacheBehavior [ RunTime:0.000442s ]
INFO: [ app_begin ] --END-- [ RunTime:0.000478s ]
SQL: SHOW COLUMNS FROM `tpshop_manager` [ RunTime:0.0078s ]
SQL: SELECT * FROM `tpshop_manager` WHERE ( username='1adf' ) LIMIT 1   [ RunTime:0.0002s ]
ERR: 1146:Table 'shops.tpshop_error' doesn't exist
 [ SQL语句 ] : SHOW COLUMNS FROM `tpshop_error`
ERR: 1146:Table 'shops.tpshop_error' doesn't exist
 [ SQL语句 ] : SHOW COLUMNS FROM `tpshop_error`

[ 2017-07-05T00:12:44+08:00 ] 127.0.0.1 /index.php/Admin/Login/AjaxLogin
INFO: [ app_init ] --START--
INFO: Run Behavior\BuildLiteBehavior [ RunTime:0.000010s ]
INFO: [ app_init ] --END-- [ RunTime:0.000288s ]
INFO: [ app_begin ] --START--
INFO: Run Behavior\ReadHtmlCacheBehavior [ RunTime:0.000410s ]
INFO: [ app_begin ] --END-- [ RunTime:0.000445s ]
SQL: SHOW COLUMNS FROM `tpshop_manager` [ RunTime:0.0075s ]
SQL: SELECT * FROM `tpshop_manager` WHERE ( username='1adf' ) LIMIT 1   [ RunTime:0.0002s ]
ERR: 1146:Table 'shops.tpshop_error' doesn't exist
 [ SQL语句 ] : SHOW COLUMNS FROM `tpshop_error`
ERR: 1146:Table 'shops.tpshop_error' doesn't exist
 [ SQL语句 ] : SHOW COLUMNS FROM `tpshop_error`

[ 2017-07-05T00:12:45+08:00 ] 127.0.0.1 /index.php/Admin/Login/AjaxLogin
INFO: [ app_init ] --START--
INFO: Run Behavior\BuildLiteBehavior [ RunTime:0.000013s ]
INFO: [ app_init ] --END-- [ RunTime:0.000296s ]
INFO: [ app_begin ] --START--
INFO: Run Behavior\ReadHtmlCacheBehavior [ RunTime:0.000410s ]
INFO: [ app_begin ] --END-- [ RunTime:0.000443s ]
SQL: SHOW COLUMNS FROM `tpshop_manager` [ RunTime:0.0074s ]
SQL: SELECT * FROM `tpshop_manager` WHERE ( username='1adf' ) LIMIT 1   [ RunTime:0.0002s ]
ERR: 1146:Table 'shops.tpshop_error' doesn't exist
 [ SQL语句 ] : SHOW COLUMNS FROM `tpshop_error`
ERR: 1146:Table 'shops.tpshop_error' doesn't exist
 [ SQL语句 ] : SHOW COLUMNS FROM `tpshop_error`

[ 2017-07-05T00:12:46+08:00 ] 127.0.0.1 /index.php/Admin/Login/AjaxLogin
INFO: [ app_init ] --START--
INFO: Run Behavior\BuildLiteBehavior [ RunTime:0.000010s ]
INFO: [ app_init ] --END-- [ RunTime:0.000290s ]
INFO: [ app_begin ] --START--
INFO: Run Behavior\ReadHtmlCacheBehavior [ RunTime:0.000394s ]
INFO: [ app_begin ] --END-- [ RunTime:0.000427s ]
SQL: SHOW COLUMNS FROM `tpshop_manager` [ RunTime:0.0268s ]
SQL: SELECT * FROM `tpshop_manager` WHERE ( username='1adf' ) LIMIT 1   [ RunTime:0.0002s ]
ERR: 1146:Table 'shops.tpshop_error' doesn't exist
 [ SQL语句 ] : SHOW COLUMNS FROM `tpshop_error`
ERR: 1146:Table 'shops.tpshop_error' doesn't exist
 [ SQL语句 ] : SHOW COLUMNS FROM `tpshop_error`

[ 2017-07-05T00:12:48+08:00 ] 127.0.0.1 /index.php/Admin/Login/AjaxLogin
INFO: [ app_init ] --START--
INFO: Run Behavior\BuildLiteBehavior [ RunTime:0.000011s ]
INFO: [ app_init ] --END-- [ RunTime:0.000296s ]
INFO: [ app_begin ] --START--
INFO: Run Behavior\ReadHtmlCacheBehavior [ RunTime:0.000414s ]
INFO: [ app_begin ] --END-- [ RunTime:0.000449s ]
SQL: SHOW COLUMNS FROM `tpshop_manager` [ RunTime:0.0077s ]
SQL: SELECT * FROM `tpshop_manager` WHERE ( username='1adf' ) LIMIT 1   [ RunTime:0.0003s ]
ERR: 1146:Table 'shops.tpshop_error' doesn't exist
 [ SQL语句 ] : SHOW COLUMNS FROM `tpshop_error`
ERR: 1146:Table 'shops.tpshop_error' doesn't exist
 [ SQL语句 ] : SHOW COLUMNS FROM `tpshop_error`

[ 2017-07-05T00:12:49+08:00 ] 127.0.0.1 /index.php/Admin/Login/AjaxLogin
INFO: [ app_init ] --START--
INFO: Run Behavior\BuildLiteBehavior [ RunTime:0.000013s ]
INFO: [ app_init ] --END-- [ RunTime:0.000307s ]
INFO: [ app_begin ] --START--
INFO: Run Behavior\ReadHtmlCacheBehavior [ RunTime:0.000403s ]
INFO: [ app_begin ] --END-- [ RunTime:0.000435s ]
SQL: SHOW COLUMNS FROM `tpshop_manager` [ RunTime:0.0080s ]
SQL: SELECT * FROM `tpshop_manager` WHERE ( username='1adf' ) LIMIT 1   [ RunTime:0.0002s ]
ERR: 1146:Table 'shops.tpshop_error' doesn't exist
 [ SQL语句 ] : SHOW COLUMNS FROM `tpshop_error`
ERR: 1146:Table 'shops.tpshop_error' doesn't exist
 [ SQL语句 ] : SHOW COLUMNS FROM `tpshop_error`

[ 2017-07-05T00:12:50+08:00 ] 127.0.0.1 /index.php/Admin/Login/AjaxLogin
INFO: [ app_init ] --START--
INFO: Run Behavior\BuildLiteBehavior [ RunTime:0.000010s ]
INFO: [ app_init ] --END-- [ RunTime:0.000343s ]
INFO: [ app_begin ] --START--
INFO: Run Behavior\ReadHtmlCacheBehavior [ RunTime:0.000563s ]
INFO: [ app_begin ] --END-- [ RunTime:0.000598s ]
SQL: SHOW COLUMNS FROM `tpshop_manager` [ RunTime:0.0102s ]
SQL: SELECT * FROM `tpshop_manager` WHERE ( username='1adf' ) LIMIT 1   [ RunTime:0.0002s ]
ERR: 1146:Table 'shops.tpshop_error' doesn't exist
 [ SQL语句 ] : SHOW COLUMNS FROM `tpshop_error`
ERR: 1146:Table 'shops.tpshop_error' doesn't exist
 [ SQL语句 ] : SHOW COLUMNS FROM `tpshop_error`

[ 2017-07-05T00:12:51+08:00 ] 127.0.0.1 /index.php/Admin/Login/AjaxLogin
INFO: [ app_init ] --START--
INFO: Run Behavior\BuildLiteBehavior [ RunTime:0.000010s ]
INFO: [ app_init ] --END-- [ RunTime:0.000293s ]
INFO: [ app_begin ] --START--
INFO: Run Behavior\ReadHtmlCacheBehavior [ RunTime:0.000415s ]
INFO: [ app_begin ] --END-- [ RunTime:0.000449s ]
SQL: SHOW COLUMNS FROM `tpshop_manager` [ RunTime:0.0078s ]
SQL: SELECT * FROM `tpshop_manager` WHERE ( username='1adf' ) LIMIT 1   [ RunTime:0.0002s ]
ERR: 1146:Table 'shops.tpshop_error' doesn't exist
 [ SQL语句 ] : SHOW COLUMNS FROM `tpshop_error`
ERR: 1146:Table 'shops.tpshop_error' doesn't exist
 [ SQL语句 ] : SHOW COLUMNS FROM `tpshop_error`

[ 2017-07-05T00:12:52+08:00 ] 127.0.0.1 /index.php/Admin/Login/AjaxLogin
INFO: [ app_init ] --START--
INFO: Run Behavior\BuildLiteBehavior [ RunTime:0.000013s ]
INFO: [ app_init ] --END-- [ RunTime:0.000292s ]
INFO: [ app_begin ] --START--
INFO: Run Behavior\ReadHtmlCacheBehavior [ RunTime:0.000394s ]
INFO: [ app_begin ] --END-- [ RunTime:0.000426s ]
SQL: SHOW COLUMNS FROM `tpshop_manager` [ RunTime:0.0075s ]
SQL: SELECT * FROM `tpshop_manager` WHERE ( username='1adf' ) LIMIT 1   [ RunTime:0.0002s ]
ERR: 1146:Table 'shops.tpshop_error' doesn't exist
 [ SQL语句 ] : SHOW COLUMNS FROM `tpshop_error`
ERR: 1146:Table 'shops.tpshop_error' doesn't exist
 [ SQL语句 ] : SHOW COLUMNS FROM `tpshop_error`

[ 2017-07-05T00:12:53+08:00 ] 127.0.0.1 /index.php/Admin/Login/AjaxLogin
INFO: [ app_init ] --START--
INFO: Run Behavior\BuildLiteBehavior [ RunTime:0.000011s ]
INFO: [ app_init ] --END-- [ RunTime:0.000325s ]
INFO: [ app_begin ] --START--
INFO: Run Behavior\ReadHtmlCacheBehavior [ RunTime:0.000414s ]
INFO: [ app_begin ] --END-- [ RunTime:0.000447s ]
SQL: SHOW COLUMNS FROM `tpshop_manager` [ RunTime:0.0075s ]
SQL: SELECT * FROM `tpshop_manager` WHERE ( username='1adf' ) LIMIT 1   [ RunTime:0.0002s ]
ERR: 1146:Table 'shops.tpshop_error' doesn't exist
 [ SQL语句 ] : SHOW COLUMNS FROM `tpshop_error`
ERR: 1146:Table 'shops.tpshop_error' doesn't exist
 [ SQL语句 ] : SHOW COLUMNS FROM `tpshop_error`

[ 2017-07-05T00:12:54+08:00 ] 127.0.0.1 /index.php/Admin/Login/AjaxLogin
INFO: [ app_init ] --START--
INFO: Run Behavior\BuildLiteBehavior [ RunTime:0.000012s ]
INFO: [ app_init ] --END-- [ RunTime:0.000328s ]
INFO: [ app_begin ] --START--
INFO: Run Behavior\ReadHtmlCacheBehavior [ RunTime:0.000429s ]
INFO: [ app_begin ] --END-- [ RunTime:0.000464s ]
SQL: SHOW COLUMNS FROM `tpshop_manager` [ RunTime:0.0100s ]
SQL: SELECT * FROM `tpshop_manager` WHERE ( username='1adf' ) LIMIT 1   [ RunTime:0.0003s ]
ERR: 1146:Table 'shops.tpshop_error' doesn't exist
 [ SQL语句 ] : SHOW COLUMNS FROM `tpshop_error`
ERR: 1146:Table 'shops.tpshop_error' doesn't exist
 [ SQL语句 ] : SHOW COLUMNS FROM `tpshop_error`

[ 2017-07-05T00:12:55+08:00 ] 127.0.0.1 /index.php/Admin/Login/AjaxLogin
INFO: [ app_init ] --START--
INFO: Run Behavior\BuildLiteBehavior [ RunTime:0.000013s ]
INFO: [ app_init ] --END-- [ RunTime:0.000291s ]
INFO: [ app_begin ] --START--
INFO: Run Behavior\ReadHtmlCacheBehavior [ RunTime:0.000398s ]
INFO: [ app_begin ] --END-- [ RunTime:0.000430s ]
SQL: SHOW COLUMNS FROM `tpshop_manager` [ RunTime:0.0075s ]
SQL: SELECT * FROM `tpshop_manager` WHERE ( username='1adf' ) LIMIT 1   [ RunTime:0.0002s ]
ERR: 1146:Table 'shops.tpshop_error' doesn't exist
 [ SQL语句 ] : SHOW COLUMNS FROM `tpshop_error`
ERR: 1146:Table 'shops.tpshop_error' doesn't exist
 [ SQL语句 ] : SHOW COLUMNS FROM `tpshop_error`

